<?xml version="1.0" encoding="UTF-8"?>
<testng-results ignored="0" total="2" passed="2" failed="0" skipped="0">
  <reporter-output>
  </reporter-output>
  <suite started-at="2022-02-10T23:22:36 IST" name="Suite" finished-at="2022-02-10T23:23:34 IST" duration-ms="58455">
    <groups>
    </groups>
    <test started-at="2022-02-10T23:22:36 IST" name="Test" finished-at="2022-02-10T23:23:34 IST" duration-ms="58455">
      <class name="testCases.APIDemoTest">
        <test-method signature="DemoAppTC_01()[pri:0, instance:testCases.APIDemoTest@1817d444]" started-at="2022-02-10T23:22:39 IST" name="DemoAppTC_01" finished-at="2022-02-10T23:23:06 IST" duration-ms="27345" status="PASS">
          <reporter-output>
          </reporter-output>
        </test-method> <!-- DemoAppTC_01 -->
      </class> <!-- testCases.APIDemoTest -->
      <class name="testCases.GSTest">
        <test-method is-config="true" signature="killAllNode()[pri:0, instance:testCases.GSTest@56620197]" started-at="2022-02-10T23:22:36 IST" name="killAllNode" finished-at="2022-02-10T23:22:39 IST" duration-ms="3017" status="PASS">
          <reporter-output>
          </reporter-output>
        </test-method> <!-- killAllNode -->
        <test-method signature="addProductToCart()[pri:0, instance:testCases.GSTest@56620197]" started-at="2022-02-10T23:23:06 IST" name="addProductToCart" finished-at="2022-02-10T23:23:34 IST" duration-ms="28066" status="PASS">
          <reporter-output>
          </reporter-output>
        </test-method> <!-- addProductToCart -->
      </class> <!-- testCases.GSTest -->
    </test> <!-- Test -->
  </suite> <!-- Suite -->
</testng-results>
