<?xml version="1.0" encoding="UTF-8"?>
<testsuite xmlns:xsi="http://www.w3.org/2001/XMLSchema-instance" xsi:noNamespaceSchemaLocation="https://maven.apache.org/surefire/maven-surefire-plugin/xsd/surefire-test-report-3.0.xsd" version="3.0" name="TestSuite" time="59.596" tests="2" errors="0" skipped="0" failures="0">
  <properties>
[...]
</properties>
  <testcase name="DemoAppTC_01" classname="testCases.APIDemoTest" time="27.353">
    <system-out><![CDATA[&amp#27;[35m[Appium]&amp#27;[39m Welcome to Appium v1.22.2
&amp#27;[35m[Appium]&amp#27;[39m Appium REST http interface listener started on 0.0.0.0:4723
&amp#27;[35m[HTTP]&amp#27;[39m &amp#27;[37m-->&amp#27;[39m &amp#27;[37mGET&amp#27;[39m &amp#27;[37m/wd/hub/status&amp#27;[39m
&amp#27;[35m[HTTP]&amp#27;[39m &amp#27;[90m{}&amp#27;[39m
[debug] &amp#27;[35m[GENERIC]&amp#27;[39m Calling AppiumDriver.getStatus() with args: []
[debug] &amp#27;[35m[GENERIC]&amp#27;[39m Responding to client with driver.getStatus() result: {"build":{"version":"1.22.2"}}
&amp#27;[35m[HTTP]&amp#27;[39m &amp#27;[37m<-- GET /wd/hub/status &amp#27;[39m&amp#27;[32m200&amp#27;[39m &amp#27;[90m4 ms - 68&amp#27;[39m
&amp#27;[35m[HTTP]&amp#27;[39m &amp#27;[90m&amp#27;[39m
device : emulator-5554
&amp#27;[35m[HTTP]&amp#27;[39m &amp#27;[37m-->&amp#27;[39m &amp#27;[37mPOST&amp#27;[39m &amp#27;[37m/wd/hub/session&amp#27;[39m
&amp#27;[35m[HTTP]&amp#27;[39m &amp#27;[90m{"desiredCapabilities":{"appActivity":"io.appium.android.apis.ApiDemos","appPackage":"io.appium.android.apis","newCommandTimeout":14,"automationName":"uiautomator2","platformName":"Android","deviceName":"emulator-5554"},"capabilities":{"firstMatch":[{"appium:appActivity":"io.appium.android.apis.ApiDemos","appium:appPackage":"io.appium.android.apis","appium:automationName":"uiautomator2","appium:deviceName":"emulator-5554","appium:newCommandTimeout":14,"platformName":"android"}]}}&amp#27;[39m
[debug] &amp#27;[35m[W3C]&amp#27;[39m Calling AppiumDriver.createSession() with args: [{"appActivity":"io.appium.android.apis.ApiDemos","appPackage":"io.appium.android.apis","newCommandTimeout":14,"automationName":"uiautomator2","platformName":"Android","deviceName":"emulator-5554"},null,{"firstMatch":[{"appium:appActivity":"io.appium.android.apis.ApiDemos","appium:appPackage":"io.appium.android.apis","appium:automationName":"uiautomator2","appium:deviceName":"emulator-5554","appium:newCommandTimeout":14,"platformName":"android"}]}]
[debug] &amp#27;[35m[BaseDriver]&amp#27;[39m Event 'newSessionRequested' logged at 1644515572278 (23:22:52 GMT+0530 (India Standard Time))
&amp#27;[35m[Appium]&amp#27;[39m Appium v1.22.2 creating new AndroidUiautomator2Driver (v1.70.1) session
[debug] &amp#27;[35m[BaseDriver]&amp#27;[39m W3C capabilities and MJSONWP desired capabilities were provided
[debug] &amp#27;[35m[BaseDriver]&amp#27;[39m Creating session with W3C capabilities: {
[debug] &amp#27;[35m[BaseDriver]&amp#27;[39m   "alwaysMatch": {
[debug] &amp#27;[35m[BaseDriver]&amp#27;[39m     "platformName": "android",
[debug] &amp#27;[35m[BaseDriver]&amp#27;[39m     "appium:appActivity": "io.appium.android.apis.ApiDemos",
[debug] &amp#27;[35m[BaseDriver]&amp#27;[39m     "appium:appPackage": "io.appium.android.apis",
[debug] &amp#27;[35m[BaseDriver]&amp#27;[39m     "appium:automationName": "uiautomator2",
[debug] &amp#27;[35m[BaseDriver]&amp#27;[39m     "appium:deviceName": "emulator-5554",
[debug] &amp#27;[35m[BaseDriver]&amp#27;[39m     "appium:newCommandTimeout": 14
[debug] &amp#27;[35m[BaseDriver]&amp#27;[39m   },
[debug] &amp#27;[35m[BaseDriver]&amp#27;[39m   "firstMatch": [
[debug] &amp#27;[35m[BaseDriver]&amp#27;[39m     {}
[debug] &amp#27;[35m[BaseDriver]&amp#27;[39m   ]
[debug] &amp#27;[35m[BaseDriver]&amp#27;[39m }
&amp#27;[35m[BaseDriver]&amp#27;[39m Session created with session id: ac286ecd-664c-4608-9872-79aa6bfd6df3
&amp#27;[35m[UiAutomator2]&amp#27;[39m Starting 'io.appium.android.apis' directly on the device
&amp#27;[35m[ADB]&amp#27;[39m Found 3 'build-tools' folders under 'C:\Users\kumar\AppData\Local\Android\Sdk' (newest first):
&amp#27;[35m[ADB]&amp#27;[39m     C:/Users/kumar/AppData/Local/Android/Sdk/build-tools/32.1.0-rc1
&amp#27;[35m[ADB]&amp#27;[39m     C:/Users/kumar/AppData/Local/Android/Sdk/build-tools/32.0.0
&amp#27;[35m[ADB]&amp#27;[39m     C:/Users/kumar/AppData/Local/Android/Sdk/build-tools/30.0.3
&amp#27;[35m[ADB]&amp#27;[39m Using 'adb.exe' from 'C:\Users\kumar\AppData\Local\Android\Sdk\platform-tools\adb.exe'
[debug] &amp#27;[35m[ADB]&amp#27;[39m Running 'C:\Users\kumar\AppData\Local\Android\Sdk\platform-tools\adb.exe -P 5037 start-server'
&amp#27;[35m[AndroidDriver]&amp#27;[39m Retrieving device list
[debug] &amp#27;[35m[ADB]&amp#27;[39m Trying to find a connected android device
[debug] &amp#27;[35m[ADB]&amp#27;[39m Getting connected devices
[debug] &amp#27;[35m[ADB]&amp#27;[39m Connected devices: [{"udid":"emulator-5554","state":"device"}]
&amp#27;[35m[AndroidDriver]&amp#27;[39m Using device: emulator-5554
&amp#27;[35m[ADB]&amp#27;[39m Using 'adb.exe' from 'C:\Users\kumar\AppData\Local\Android\Sdk\platform-tools\adb.exe'
[debug] &amp#27;[35m[ADB]&amp#27;[39m Running 'C:\Users\kumar\AppData\Local\Android\Sdk\platform-tools\adb.exe -P 5037 start-server'
[debug] &amp#27;[35m[ADB]&amp#27;[39m Setting device id to emulator-5554
[debug] &amp#27;[35m[ADB]&amp#27;[39m Running 'C:\Users\kumar\AppData\Local\Android\Sdk\platform-tools\adb.exe -P 5037 -s emulator-5554 shell getprop ro.build.version.sdk'
[debug] &amp#27;[35m[ADB]&amp#27;[39m Current device property 'ro.build.version.sdk': 27
[debug] &amp#27;[35m[ADB]&amp#27;[39m Device API level: 27
&amp#27;[35m[AndroidDriver]&amp#27;[39m No app sent in, not parsing package/activity
[debug] &amp#27;[35m[ADB]&amp#27;[39m Running 'C:\Users\kumar\AppData\Local\Android\Sdk\platform-tools\adb.exe -P 5037 -s emulator-5554 wait-for-device'
[debug] &amp#27;[35m[ADB]&amp#27;[39m Running 'C:\Users\kumar\AppData\Local\Android\Sdk\platform-tools\adb.exe -P 5037 -s emulator-5554 shell echo ping'
[debug] &amp#27;[35m[AndroidDriver]&amp#27;[39m Pushing settings apk to device...
[debug] &amp#27;[35m[ADB]&amp#27;[39m Getting install status for io.appium.settings
[debug] &amp#27;[35m[ADB]&amp#27;[39m Running 'C:\Users\kumar\AppData\Local\Android\Sdk\platform-tools\adb.exe -P 5037 -s emulator-5554 shell dumpsys package io.appium.settings'
[debug] &amp#27;[35m[ADB]&amp#27;[39m 'io.appium.settings' is installed
[debug] &amp#27;[35m[ADB]&amp#27;[39m Getting package info for 'io.appium.settings'
[debug] &amp#27;[35m[ADB]&amp#27;[39m Running 'C:\Users\kumar\AppData\Local\Android\Sdk\platform-tools\adb.exe -P 5037 -s emulator-5554 shell dumpsys package io.appium.settings'
[debug] &amp#27;[35m[ADB]&amp#27;[39m The version name of the installed 'io.appium.settings' is greater or equal to the application version name ('3.4.0' >= '3.4.0')
[debug] &amp#27;[35m[ADB]&amp#27;[39m There is no need to install/upgrade 'C:\Users\kumar\AppData\Roaming\npm\node_modules\appium\node_modules\io.appium.settings\apks\settings_apk-debug.apk'
[debug] &amp#27;[35m[ADB]&amp#27;[39m Getting IDs of all 'io.appium.settings' processes
[debug] &amp#27;[35m[ADB]&amp#27;[39m Running 'C:\Users\kumar\AppData\Local\Android\Sdk\platform-tools\adb.exe -P 5037 -s emulator-5554 shell 'pgrep --help; echo $?''
[debug] &amp#27;[35m[ADB]&amp#27;[39m Running 'C:\Users\kumar\AppData\Local\Android\Sdk\platform-tools\adb.exe -P 5037 -s emulator-5554 shell pgrep -f \(\[\[:blank:\]\]\|\^\)io\.appium\.settings\(\[\[:blank:\]\]\|\$\)'
[debug] &amp#27;[35m[AndroidDriver]&amp#27;[39m io.appium.settings is already running. There is no need to reset its permissions.
[debug] &amp#27;[35m[Logcat]&amp#27;[39m Starting logs capture with command: C:\\Users\\kumar\\AppData\\Local\\Android\\Sdk\\platform-tools\\adb.exe -P 5037 -s emulator-5554 logcat -v threadtime
[debug] &amp#27;[35m[UiAutomator2]&amp#27;[39m Forwarding UiAutomator2 Server port 6790 to local port 8200
[debug] &amp#27;[35m[ADB]&amp#27;[39m Forwarding system: 8200 to device: 6790
[debug] &amp#27;[35m[ADB]&amp#27;[39m Running 'C:\Users\kumar\AppData\Local\Android\Sdk\platform-tools\adb.exe -P 5037 -s emulator-5554 forward tcp:8200 tcp:6790'
[debug] &amp#27;[35m[ADB]&amp#27;[39m Getting install status for io.appium.uiautomator2.server
[debug] &amp#27;[35m[ADB]&amp#27;[39m Running 'C:\Users\kumar\AppData\Local\Android\Sdk\platform-tools\adb.exe -P 5037 -s emulator-5554 shell dumpsys package io.appium.uiautomator2.server'
[debug] &amp#27;[35m[ADB]&amp#27;[39m 'io.appium.uiautomator2.server' is installed
[debug] &amp#27;[35m[ADB]&amp#27;[39m Getting package info for 'io.appium.uiautomator2.server'
[debug] &amp#27;[35m[ADB]&amp#27;[39m Running 'C:\Users\kumar\AppData\Local\Android\Sdk\platform-tools\adb.exe -P 5037 -s emulator-5554 shell dumpsys package io.appium.uiautomator2.server'
[debug] &amp#27;[35m[ADB]&amp#27;[39m The version name of the installed 'io.appium.uiautomator2.server' is greater or equal to the application version name ('4.27.0' >= '4.27.0')
[debug] &amp#27;[35m[UiAutomator2]&amp#27;[39m io.appium.uiautomator2.server installation state: sameVersionInstalled
[debug] &amp#27;[35m[ADB]&amp#27;[39m Checking app cert for C:\Users\kumar\AppData\Roaming\npm\node_modules\appium\node_modules\appium-uiautomator2-server\apks\appium-uiautomator2-server-v4.27.0.apk
&amp#27;[35m[ADB]&amp#27;[39m Using 'apksigner.jar' from 'C:\Users\kumar\AppData\Local\Android\Sdk\build-tools\32.1.0-rc1\lib\apksigner.jar'
[debug] &amp#27;[35m[ADB]&amp#27;[39m Starting apksigner: 'C:\\Program Files\\Java\\jdk-15.0.2\\bin\\java.exe' -Xmx1024M -Xss1m -jar C:\\Users\\kumar\\AppData\\Local\\Android\\Sdk\\build-tools\\32.1.0-rc1\\lib\\apksigner.jar verify --print-certs C:\\Users\\kumar\\AppData\\Roaming\\npm\\node_modules\\appium\\node_modules\\appium-uiautomator2-server\\apks\\appium-uiautomator2-server-v4.27.0.apk
[debug] &amp#27;[35m[ADB]&amp#27;[39m apksigner stdout: Signer #1 certificate DN: EMAILADDRESS=android@android.com, CN=Android, OU=Android, O=Android, L=Mountain View, ST=California, C=US
[debug] &amp#27;[35m[ADB]&amp#27;[39m Signer #1 certificate SHA-256 digest: a40da80a59d170caa950cf15c18c454d47a39b26989d8b640ecd745ba71bf5dc
[debug] &amp#27;[35m[ADB]&amp#27;[39m Signer #1 certificate SHA-1 digest: 61ed377e85d386a8dfee6b864bd85b0bfaa5af81
[debug] &amp#27;[35m[ADB]&amp#27;[39m Signer #1 certificate MD5 digest: e89b158e4bcf988ebd09eb83f5378e87
[debug] &amp#27;[35m[ADB]&amp#27;[39m 
[debug] &amp#27;[35m[ADB]&amp#27;[39m sha256 hash did match for 'appium-uiautomator2-server-v4.27.0.apk'
&amp#27;[35m[ADB]&amp#27;[39m 'C:\Users\kumar\AppData\Roaming\npm\node_modules\appium\node_modules\appium-uiautomator2-server\apks\appium-uiautomator2-server-v4.27.0.apk' is signed with the default certificate
[debug] &amp#27;[35m[ADB]&amp#27;[39m Getting install status for io.appium.uiautomator2.server.test
[debug] &amp#27;[35m[ADB]&amp#27;[39m Running 'C:\Users\kumar\AppData\Local\Android\Sdk\platform-tools\adb.exe -P 5037 -s emulator-5554 shell dumpsys package io.appium.uiautomator2.server.test'
[debug] &amp#27;[35m[ADB]&amp#27;[39m 'io.appium.uiautomator2.server.test' is installed
[debug] &amp#27;[35m[ADB]&amp#27;[39m Checking app cert for C:\Users\kumar\AppData\Roaming\npm\node_modules\appium\node_modules\appium-uiautomator2-server\apks\appium-uiautomator2-server-debug-androidTest.apk
[debug] &amp#27;[35m[ADB]&amp#27;[39m Starting apksigner: 'C:\\Program Files\\Java\\jdk-15.0.2\\bin\\java.exe' -Xmx1024M -Xss1m -jar C:\\Users\\kumar\\AppData\\Local\\Android\\Sdk\\build-tools\\32.1.0-rc1\\lib\\apksigner.jar verify --print-certs C:\\Users\\kumar\\AppData\\Roaming\\npm\\node_modules\\appium\\node_modules\\appium-uiautomator2-server\\apks\\appium-uiautomator2-server-debug-androidTest.apk
[debug] &amp#27;[35m[ADB]&amp#27;[39m apksigner stdout: Signer #1 certificate DN: EMAILADDRESS=android@android.com, CN=Android, OU=Android, O=Android, L=Mountain View, ST=California, C=US
[debug] &amp#27;[35m[ADB]&amp#27;[39m Signer #1 certificate SHA-256 digest: a40da80a59d170caa950cf15c18c454d47a39b26989d8b640ecd745ba71bf5dc
[debug] &amp#27;[35m[ADB]&amp#27;[39m Signer #1 certificate SHA-1 digest: 61ed377e85d386a8dfee6b864bd85b0bfaa5af81
[debug] &amp#27;[35m[ADB]&amp#27;[39m Signer #1 certificate MD5 digest: e89b158e4bcf988ebd09eb83f5378e87
[debug] &amp#27;[35m[ADB]&amp#27;[39m 
[debug] &amp#27;[35m[ADB]&amp#27;[39m sha256 hash did match for 'appium-uiautomator2-server-debug-androidTest.apk'
&amp#27;[35m[ADB]&amp#27;[39m 'C:\Users\kumar\AppData\Roaming\npm\node_modules\appium\node_modules\appium-uiautomator2-server\apks\appium-uiautomator2-server-debug-androidTest.apk' is signed with the default certificate
&amp#27;[35m[UiAutomator2]&amp#27;[39m Server packages are not going to be (re)installed
[debug] &amp#27;[35m[UiAutomator2]&amp#27;[39m Waiting up to 30000ms for services to be available
[debug] &amp#27;[35m[ADB]&amp#27;[39m Running 'C:\Users\kumar\AppData\Local\Android\Sdk\platform-tools\adb.exe -P 5037 -s emulator-5554 shell pm list instrumentation'
[debug] &amp#27;[35m[UiAutomator2]&amp#27;[39m Instrumentation target 'io.appium.uiautomator2.server.test/androidx.test.runner.AndroidJUnitRunner' is available
&amp#27;[35m[ADB]&amp#27;[39m Adding packages ["io.appium.settings","io.appium.uiautomator2.server","io.appium.uiautomator2.server.test"] to Doze whitelist
[debug] &amp#27;[35m[ADB]&amp#27;[39m Got the following command chunks to execute: [["dumpsys","deviceidle","whitelist","+io.appium.settings",";","dumpsys","deviceidle","whitelist","+io.appium.uiautomator2.server",";","dumpsys","deviceidle","whitelist","+io.appium.uiautomator2.server.test",";"]]
[debug] &amp#27;[35m[ADB]&amp#27;[39m Running 'C:\Users\kumar\AppData\Local\Android\Sdk\platform-tools\adb.exe -P 5037 -s emulator-5554 shell dumpsys deviceidle whitelist +io.appium.settings ; dumpsys deviceidle whitelist +io.appium.uiautomator2.server ; dumpsys deviceidle whitelist +io.appium.uiautomator2.server.test ;'
[debug] &amp#27;[35m[UiAutomator2]&amp#27;[39m No app capability. Assuming it is already on the device
[debug] &amp#27;[35m[ADB]&amp#27;[39m Getting install status for io.appium.android.apis
[debug] &amp#27;[35m[ADB]&amp#27;[39m Running 'C:\Users\kumar\AppData\Local\Android\Sdk\platform-tools\adb.exe -P 5037 -s emulator-5554 shell dumpsys package io.appium.android.apis'
[debug] &amp#27;[35m[ADB]&amp#27;[39m 'io.appium.android.apis' is installed
[debug] &amp#27;[35m[ADB]&amp#27;[39m Running 'C:\Users\kumar\AppData\Local\Android\Sdk\platform-tools\adb.exe -P 5037 -s emulator-5554 shell am force-stop io.appium.android.apis'
[debug] &amp#27;[35m[ADB]&amp#27;[39m Running 'C:\Users\kumar\AppData\Local\Android\Sdk\platform-tools\adb.exe -P 5037 -s emulator-5554 shell pm clear io.appium.android.apis'
[debug] &amp#27;[35m[AndroidDriver]&amp#27;[39m Performed fast reset on the installed 'io.appium.android.apis' application (stop and clear)
[debug] &amp#27;[35m[UiAutomator2]&amp#27;[39m Performing shallow cleanup of automation leftovers
[debug] &amp#27;[35m[UiAutomator2]&amp#27;[39m No obsolete sessions have been detected (socket hang up)
[debug] &amp#27;[35m[ADB]&amp#27;[39m Running 'C:\Users\kumar\AppData\Local\Android\Sdk\platform-tools\adb.exe -P 5037 -s emulator-5554 shell am force-stop io.appium.uiautomator2.server.test'
&amp#27;[35m[UiAutomator2]&amp#27;[39m Starting UIAutomator2 server 4.27.0
&amp#27;[35m[UiAutomator2]&amp#27;[39m Using UIAutomator2 server from 'C:\Users\kumar\AppData\Roaming\npm\node_modules\appium\node_modules\appium-uiautomator2-server\apks\appium-uiautomator2-server-v4.27.0.apk' and test from 'C:\Users\kumar\AppData\Roaming\npm\node_modules\appium\node_modules\appium-uiautomator2-server\apks\appium-uiautomator2-server-debug-androidTest.apk'
&amp#27;[35m[UiAutomator2]&amp#27;[39m Waiting up to 30000ms for UiAutomator2 to be online...
[debug] &amp#27;[35m[ADB]&amp#27;[39m Creating ADB subprocess with args: ["-P",5037,"-s","emulator-5554","shell","am","instrument","-w","-e","disableAnalytics",true,"io.appium.uiautomator2.server.test/androidx.test.runner.AndroidJUnitRunner"]
[debug] &amp#27;[35m[WD Proxy]&amp#27;[39m Matched '/status' to command name 'getStatus'
[debug] &amp#27;[35m[WD Proxy]&amp#27;[39m Proxying [GET /status] to [GET http://127.0.0.1:8200/wd/hub/status] with no body
&amp#27;[35m[WD Proxy]&amp#27;[39m socket hang up
[debug] &amp#27;[35m[Instrumentation]&amp#27;[39m io.appium.uiautomator2.server.test.AppiumUiAutomator2Server:
[debug] &amp#27;[35m[WD Proxy]&amp#27;[39m Matched '/status' to command name 'getStatus'
[debug] &amp#27;[35m[WD Proxy]&amp#27;[39m Proxying [GET /status] to [GET http://127.0.0.1:8200/wd/hub/status] with no body
&amp#27;[35m[WD Proxy]&amp#27;[39m socket hang up
[debug] &amp#27;[35m[WD Proxy]&amp#27;[39m Matched '/status' to command name 'getStatus'
[debug] &amp#27;[35m[WD Proxy]&amp#27;[39m Proxying [GET /status] to [GET http://127.0.0.1:8200/wd/hub/status] with no body
[debug] &amp#27;[35m[WD Proxy]&amp#27;[39m Got response with status 200: {"sessionId":"None","value":{"message":"UiAutomator2 Server is ready to accept commands","ready":true}}
[debug] &amp#27;[35m[UiAutomator2]&amp#27;[39m The initialization of the instrumentation process took 2118ms
[debug] &amp#27;[35m[WD Proxy]&amp#27;[39m Matched '/session' to command name 'createSession'
[debug] &amp#27;[35m[WD Proxy]&amp#27;[39m Proxying [POST /session] to [POST http://127.0.0.1:8200/wd/hub/session] with body: {"capabilities":{"firstMatch":[{"platform":"LINUX","webStorageEnabled":false,"takesScreenshot":true,"javascriptEnabled":true,"databaseEnabled":false,"networkConnectionEnabled":true,"locationContextEnabled":false,"warnings":{},"desired":{"platformName":"android","appActivity":"io.appium.android.apis.ApiDemos","appPackage":"io.appium.android.apis","automationName":"uiautomator2","deviceName":"emulator-5554","newCommandTimeout":14},"platformName":"android","appActivity":"io.appium.android.apis.ApiDemos","appPackage":"io.appium.android.apis","automationName":"uiautomator2","deviceName":"emulator-5554","newCommandTimeout":14,"deviceUDID":"emulator-5554"}],"alwaysMatch":{}}}
[debug] &amp#27;[35m[WD Proxy]&amp#27;[39m Got response with status 200: {"sessionId":"8a2ed2b8-3994-49fe-9662-1059034ed5f4","value":{"capabilities":{"firstMatch":[{"platform":"LINUX","webStorageEnabled":false,"takesScreenshot":true,"javascriptEnabled":true,"databaseEnabled":false,"networkConnectionEnabled":true,"locationContextEnabled":false,"warnings":{},"desired":{"platformName":"android","appActivity":"io.appium.android.apis.ApiDemos","appPackage":"io.appium.android.apis","automationName":"uiautomator2","deviceName":"emulator-5554","newCommandTimeout":14},"platformName":"android","appActivity":"io.appium.android.apis.ApiDemos","appPackage":"io.appium.android.apis","automationName":"uiautomator2","deviceName":"emulator-5554","newCommandTimeout":14,"deviceUDID":"emulator-5554"}],"alwaysMatch":{}},"sessionId":"8a2ed2b8-3994-49fe-9662-1059034ed5f4"}}
&amp#27;[35m[WD Proxy]&amp#27;[39m Determined the downstream protocol as 'W3C'
[debug] &amp#27;[35m[WD Proxy]&amp#27;[39m Proxying [GET /appium/device/info] to [GET http://127.0.0.1:8200/wd/hub/session/8a2ed2b8-3994-49fe-9662-1059034ed5f4/appium/device/info] with no body
[debug] &amp#27;[35m[WD Proxy]&amp#27;[39m Got response with status 200: {"sessionId":"8a2ed2b8-3994-49fe-9662-1059034ed5f4","value":{"androidId":"54ef6ccc9c3b70d2","apiVersion":"27","bluetooth":null,"brand":"google","carrierName":"Android","displayDensity":440,"locale":"en_US","manufacturer":"Google","model":"Android SDK built for x86","networks":[{"capabilities":{"SSID":null,"linkDownBandwidthKbps":102400,"linkUpstreamBandwidthKbps":51200,"networkCapabilities":"NET_CAPABILITY_MMS,NET_CAPABILITY_SUPL,NET_CAPABILITY_DUN,NET_CAPABILITY_FOTA,NET_CAPABILITY_IMS,NET_CAPABILITY_CBS,NET_CAPABILITY_IA,NET_CAPABILITY_INTERNET,NET_CAPABILITY_NOT_RESTRICTED,NET_CAPABILITY_TRUSTED,NET_CAPABILITY_NOT_VPN,NET_CAPABILITY_VALIDATED","signalStrength":-2147483648,"transportTypes":"TRANSPORT_CELLULAR"},"detailedState":"CONNECTED","extraInfo":"epc.tmobile.com","isAvailable":true,"isConnected":true,"isFailover":false,"isRoaming":false,"state":"CONNECTED","subtype":13,"subtypeName":"LTE","type":0,"typeName":"MOBILE"},{"capabilities":{"SSID":null,"linkDownBandwidthKbps":1048576,"linkUpstreamBandwidt...
[debug] &amp#27;[35m[ADB]&amp#27;[39m Running 'C:\Users\kumar\AppData\Local\Android\Sdk\platform-tools\adb.exe -P 5037 -s emulator-5554 shell dumpsys window'
&amp#27;[35m[AndroidDriver]&amp#27;[39m Screen already unlocked, doing nothing
&amp#27;[35m[UiAutomator2]&amp#27;[39m Starting 'io.appium.android.apis/io.appium.android.apis.ApiDemos and waiting for 'io.appium.android.apis/io.appium.android.apis.ApiDemos'
[debug] &amp#27;[35m[ADB]&amp#27;[39m Running 'C:\Users\kumar\AppData\Local\Android\Sdk\platform-tools\adb.exe -P 5037 -s emulator-5554 shell am start -W -n io.appium.android.apis/io.appium.android.apis.ApiDemos -S -a android.intent.action.MAIN -c android.intent.category.LAUNCHER -f 0x10200000'
[debug] &amp#27;[35m[WD Proxy]&amp#27;[39m Proxying [GET /appium/device/pixel_ratio] to [GET http://127.0.0.1:8200/wd/hub/session/8a2ed2b8-3994-49fe-9662-1059034ed5f4/appium/device/pixel_ratio] with no body
[debug] &amp#27;[35m[WD Proxy]&amp#27;[39m Got response with status 200: {"sessionId":"8a2ed2b8-3994-49fe-9662-1059034ed5f4","value":2.75}
[debug] &amp#27;[35m[WD Proxy]&amp#27;[39m Matched '/appium/device/system_bars' to command name 'getSystemBars'
[debug] &amp#27;[35m[WD Proxy]&amp#27;[39m Proxying [GET /appium/device/system_bars] to [GET http://127.0.0.1:8200/wd/hub/session/8a2ed2b8-3994-49fe-9662-1059034ed5f4/appium/device/system_bars] with no body
[debug] &amp#27;[35m[WD Proxy]&amp#27;[39m Got response with status 200: {"sessionId":"8a2ed2b8-3994-49fe-9662-1059034ed5f4","value":{"statusBar":66}}
[debug] &amp#27;[35m[WD Proxy]&amp#27;[39m Matched '/window/current/size' to command name 'getWindowSize'
[debug] &amp#27;[35m[WD Proxy]&amp#27;[39m Proxying [GET /window/current/size] to [GET http://127.0.0.1:8200/wd/hub/session/8a2ed2b8-3994-49fe-9662-1059034ed5f4/window/current/size] with no body
[debug] &amp#27;[35m[WD Proxy]&amp#27;[39m Got response with status 200: {"sessionId":"8a2ed2b8-3994-49fe-9662-1059034ed5f4","value":{"height":2148,"width":1080}}
&amp#27;[35m[Appium]&amp#27;[39m New AndroidUiautomator2Driver session created successfully, session ac286ecd-664c-4608-9872-79aa6bfd6df3 added to master session list
[debug] &amp#27;[35m[BaseDriver]&amp#27;[39m Event 'newSessionStarted' logged at 1644515579122 (23:22:59 GMT+0530 (India Standard Time))
[debug] &amp#27;[35m[W3C (ac286ecd)]&amp#27;[39m Cached the protocol value 'W3C' for the new session ac286ecd-664c-4608-9872-79aa6bfd6df3
[debug] &amp#27;[35m[W3C (ac286ecd)]&amp#27;[39m Responding to client with driver.createSession() result: {"capabilities":{"platform":"LINUX","webStorageEnabled":false,"takesScreenshot":true,"javascriptEnabled":true,"databaseEnabled":false,"networkConnectionEnabled":true,"locationContextEnabled":false,"warnings":{},"desired":{"platformName":"android","appActivity":"io.appium.android.apis.ApiDemos","appPackage":"io.appium.android.apis","automationName":"uiautomator2","deviceName":"emulator-5554","newCommandTimeout":14},"platformName":"android","appActivity":"io.appium.android.apis.ApiDemos","appPackage":"io.appium.android.apis","automationName":"uiautomator2","deviceName":"emulator-5554","newCommandTimeout":14,"deviceUDID":"emulator-5554","deviceApiLevel":27,"platformVersion":"8.1.0","deviceScreenSize":"1080x2280","deviceScreenDensity":440,"deviceModel":"Android SDK built for x86","deviceManufacturer":"Google","pixelRatio":2.75,"statBarHeight":66,"viewportRect":{"left":0,"top":66,"width":1080,"height":2082}}}
&amp#27;[35m[HTTP]&amp#27;[39m &amp#27;[37m<-- POST /wd/hub/session &amp#27;[39m&amp#27;[32m200&amp#27;[39m &amp#27;[90m6850 ms - 978&amp#27;[39m
&amp#27;[35m[HTTP]&amp#27;[39m &amp#27;[90m&amp#27;[39m
&amp#27;[35m[HTTP]&amp#27;[39m &amp#27;[37m-->&amp#27;[39m &amp#27;[37mGET&amp#27;[39m &amp#27;[37m/wd/hub/session/ac286ecd-664c-4608-9872-79aa6bfd6df3&amp#27;[39m
&amp#27;[35m[HTTP]&amp#27;[39m &amp#27;[90m{}&amp#27;[39m
[debug] &amp#27;[35m[W3C (ac286ecd)]&amp#27;[39m Calling AppiumDriver.getSession() with args: ["ac286ecd-664c-4608-9872-79aa6bfd6df3"]
[debug] &amp#27;[35m[UiAutomator2]&amp#27;[39m Getting session details from server to mix in
[debug] &amp#27;[35m[WD Proxy]&amp#27;[39m Matched '/' to command name 'getSession'
[debug] &amp#27;[35m[WD Proxy]&amp#27;[39m Proxying [GET /] to [GET http://127.0.0.1:8200/wd/hub/session/8a2ed2b8-3994-49fe-9662-1059034ed5f4] with no body
[debug] &amp#27;[35m[WD Proxy]&amp#27;[39m Got response with status 200: {"sessionId":"8a2ed2b8-3994-49fe-9662-1059034ed5f4","value":{"lastScrollData":null}}
[debug] &amp#27;[35m[W3C (ac286ecd)]&amp#27;[39m Responding to client with driver.getSession() result: {"platform":"LINUX","webStorageEnabled":false,"takesScreenshot":true,"javascriptEnabled":true,"databaseEnabled":false,"networkConnectionEnabled":true,"locationContextEnabled":false,"warnings":{},"desired":{"platformName":"android","appActivity":"io.appium.android.apis.ApiDemos","appPackage":"io.appium.android.apis","automationName":"uiautomator2","deviceName":"emulator-5554","newCommandTimeout":14},"platformName":"android","appActivity":"io.appium.android.apis.ApiDemos","appPackage":"io.appium.android.apis","automationName":"uiautomator2","deviceName":"emulator-5554","newCommandTimeout":14,"deviceUDID":"emulator-5554","deviceApiLevel":27,"platformVersion":"8.1.0","deviceScreenSize":"1080x2280","deviceScreenDensity":440,"deviceModel":"Android SDK built for x86","deviceManufacturer":"Google","pixelRatio":2.75,"statBarHeight":66,"viewportRect":{"left":0,"top":66,"width":1080,"height":2082},"lastScrollData":null}
&amp#27;[35m[HTTP]&amp#27;[39m &amp#27;[37m<-- GET /wd/hub/session/ac286ecd-664c-4608-9872-79aa6bfd6df3 &amp#27;[39m&amp#27;[32m200&amp#27;[39m &amp#27;[90m17 ms - 932&amp#27;[39m
&amp#27;[35m[HTTP]&amp#27;[39m &amp#27;[90m&amp#27;[39m
&amp#27;[35m[HTTP]&amp#27;[39m &amp#27;[37m-->&amp#27;[39m &amp#27;[37mGET&amp#27;[39m &amp#27;[37m/wd/hub/session/ac286ecd-664c-4608-9872-79aa6bfd6df3&amp#27;[39m
&amp#27;[35m[HTTP]&amp#27;[39m &amp#27;[90m{}&amp#27;[39m
[debug] &amp#27;[35m[W3C (ac286ecd)]&amp#27;[39m Calling AppiumDriver.getSession() with args: ["ac286ecd-664c-4608-9872-79aa6bfd6df3"]
[debug] &amp#27;[35m[UiAutomator2]&amp#27;[39m Getting session details from server to mix in
[debug] &amp#27;[35m[WD Proxy]&amp#27;[39m Matched '/' to command name 'getSession'
[debug] &amp#27;[35m[WD Proxy]&amp#27;[39m Proxying [GET /] to [GET http://127.0.0.1:8200/wd/hub/session/8a2ed2b8-3994-49fe-9662-1059034ed5f4] with no body
[debug] &amp#27;[35m[WD Proxy]&amp#27;[39m Got response with status 200: {"sessionId":"8a2ed2b8-3994-49fe-9662-1059034ed5f4","value":{"lastScrollData":null}}
[debug] &amp#27;[35m[W3C (ac286ecd)]&amp#27;[39m Responding to client with driver.getSession() result: {"platform":"LINUX","webStorageEnabled":false,"takesScreenshot":true,"javascriptEnabled":true,"databaseEnabled":false,"networkConnectionEnabled":true,"locationContextEnabled":false,"warnings":{},"desired":{"platformName":"android","appActivity":"io.appium.android.apis.ApiDemos","appPackage":"io.appium.android.apis","automationName":"uiautomator2","deviceName":"emulator-5554","newCommandTimeout":14},"platformName":"android","appActivity":"io.appium.android.apis.ApiDemos","appPackage":"io.appium.android.apis","automationName":"uiautomator2","deviceName":"emulator-5554","newCommandTimeout":14,"deviceUDID":"emulator-5554","deviceApiLevel":27,"platformVersion":"8.1.0","deviceScreenSize":"1080x2280","deviceScreenDensity":440,"deviceModel":"Android SDK built for x86","deviceManufacturer":"Google","pixelRatio":2.75,"statBarHeight":66,"viewportRect":{"left":0,"top":66,"width":1080,"height":2082},"lastScrollData":null}
&amp#27;[35m[HTTP]&amp#27;[39m &amp#27;[37m<-- GET /wd/hub/session/ac286ecd-664c-4608-9872-79aa6bfd6df3 &amp#27;[39m&amp#27;[32m200&amp#27;[39m &amp#27;[90m14 ms - 932&amp#27;[39m
&amp#27;[35m[HTTP]&amp#27;[39m &amp#27;[90m&amp#27;[39m
&amp#27;[35m[HTTP]&amp#27;[39m &amp#27;[37m-->&amp#27;[39m &amp#27;[37mPOST&amp#27;[39m &amp#27;[37m/wd/hub/session/ac286ecd-664c-4608-9872-79aa6bfd6df3/timeouts&amp#27;[39m
&amp#27;[35m[HTTP]&amp#27;[39m &amp#27;[90m{"implicit":10000}&amp#27;[39m
[debug] &amp#27;[35m[W3C (ac286ecd)]&amp#27;[39m Calling AppiumDriver.timeouts() with args: [null,null,null,null,10000,"ac286ecd-664c-4608-9872-79aa6bfd6df3"]
[debug] &amp#27;[35m[BaseDriver]&amp#27;[39m W3C timeout argument: {"implicit":10000}}
[debug] &amp#27;[35m[BaseDriver]&amp#27;[39m Set implicit wait to 10000ms
[debug] &amp#27;[35m[W3C (ac286ecd)]&amp#27;[39m Responding to client with driver.timeouts() result: null
&amp#27;[35m[HTTP]&amp#27;[39m &amp#27;[37m<-- POST /wd/hub/session/ac286ecd-664c-4608-9872-79aa6bfd6df3/timeouts &amp#27;[39m&amp#27;[32m200&amp#27;[39m &amp#27;[90m8 ms - 14&amp#27;[39m
&amp#27;[35m[HTTP]&amp#27;[39m &amp#27;[90m&amp#27;[39m
&amp#27;[35m[HTTP]&amp#27;[39m &amp#27;[37m-->&amp#27;[39m &amp#27;[37mGET&amp#27;[39m &amp#27;[37m/wd/hub/session/ac286ecd-664c-4608-9872-79aa6bfd6df3&amp#27;[39m
&amp#27;[35m[HTTP]&amp#27;[39m &amp#27;[90m{}&amp#27;[39m
[debug] &amp#27;[35m[W3C (ac286ecd)]&amp#27;[39m Calling AppiumDriver.getSession() with args: ["ac286ecd-664c-4608-9872-79aa6bfd6df3"]
[debug] &amp#27;[35m[UiAutomator2]&amp#27;[39m Getting session details from server to mix in
[debug] &amp#27;[35m[WD Proxy]&amp#27;[39m Matched '/' to command name 'getSession'
[debug] &amp#27;[35m[WD Proxy]&amp#27;[39m Proxying [GET /] to [GET http://127.0.0.1:8200/wd/hub/session/8a2ed2b8-3994-49fe-9662-1059034ed5f4] with no body
[debug] &amp#27;[35m[WD Proxy]&amp#27;[39m Got response with status 200: {"sessionId":"8a2ed2b8-3994-49fe-9662-1059034ed5f4","value":{"lastScrollData":null}}
[debug] &amp#27;[35m[W3C (ac286ecd)]&amp#27;[39m Responding to client with driver.getSession() result: {"platform":"LINUX","webStorageEnabled":false,"takesScreenshot":true,"javascriptEnabled":true,"databaseEnabled":false,"networkConnectionEnabled":true,"locationContextEnabled":false,"warnings":{},"desired":{"platformName":"android","appActivity":"io.appium.android.apis.ApiDemos","appPackage":"io.appium.android.apis","automationName":"uiautomator2","deviceName":"emulator-5554","newCommandTimeout":14},"platformName":"android","appActivity":"io.appium.android.apis.ApiDemos","appPackage":"io.appium.android.apis","automationName":"uiautomator2","deviceName":"emulator-5554","newCommandTimeout":14,"deviceUDID":"emulator-5554","deviceApiLevel":27,"platformVersion":"8.1.0","deviceScreenSize":"1080x2280","deviceScreenDensity":440,"deviceModel":"Android SDK built for x86","deviceManufacturer":"Google","pixelRatio":2.75,"statBarHeight":66,"viewportRect":{"left":0,"top":66,"width":1080,"height":2082},"lastScrollData":null}
&amp#27;[35m[HTTP]&amp#27;[39m &amp#27;[37m<-- GET /wd/hub/session/ac286ecd-664c-4608-9872-79aa6bfd6df3 &amp#27;[39m&amp#27;[32m200&amp#27;[39m &amp#27;[90m18 ms - 932&amp#27;[39m
&amp#27;[35m[HTTP]&amp#27;[39m &amp#27;[90m&amp#27;[39m
&amp#27;[35m[HTTP]&amp#27;[39m &amp#27;[37m-->&amp#27;[39m &amp#27;[37mGET&amp#27;[39m &amp#27;[37m/wd/hub/session/ac286ecd-664c-4608-9872-79aa6bfd6df3&amp#27;[39m
&amp#27;[35m[HTTP]&amp#27;[39m &amp#27;[90m{}&amp#27;[39m
[debug] &amp#27;[35m[W3C (ac286ecd)]&amp#27;[39m Calling AppiumDriver.getSession() with args: ["ac286ecd-664c-4608-9872-79aa6bfd6df3"]
[debug] &amp#27;[35m[UiAutomator2]&amp#27;[39m Getting session details from server to mix in
[debug] &amp#27;[35m[WD Proxy]&amp#27;[39m Matched '/' to command name 'getSession'
[debug] &amp#27;[35m[WD Proxy]&amp#27;[39m Proxying [GET /] to [GET http://127.0.0.1:8200/wd/hub/session/8a2ed2b8-3994-49fe-9662-1059034ed5f4] with no body
[debug] &amp#27;[35m[WD Proxy]&amp#27;[39m Got response with status 200: {"sessionId":"8a2ed2b8-3994-49fe-9662-1059034ed5f4","value":{"lastScrollData":null}}
[debug] &amp#27;[35m[W3C (ac286ecd)]&amp#27;[39m Responding to client with driver.getSession() result: {"platform":"LINUX","webStorageEnabled":false,"takesScreenshot":true,"javascriptEnabled":true,"databaseEnabled":false,"networkConnectionEnabled":true,"locationContextEnabled":false,"warnings":{},"desired":{"platformName":"android","appActivity":"io.appium.android.apis.ApiDemos","appPackage":"io.appium.android.apis","automationName":"uiautomator2","deviceName":"emulator-5554","newCommandTimeout":14},"platformName":"android","appActivity":"io.appium.android.apis.ApiDemos","appPackage":"io.appium.android.apis","automationName":"uiautomator2","deviceName":"emulator-5554","newCommandTimeout":14,"deviceUDID":"emulator-5554","deviceApiLevel":27,"platformVersion":"8.1.0","deviceScreenSize":"1080x2280","deviceScreenDensity":440,"deviceModel":"Android SDK built for x86","deviceManufacturer":"Google","pixelRatio":2.75,"statBarHeight":66,"viewportRect":{"left":0,"top":66,"width":1080,"height":2082},"lastScrollData":null}
&amp#27;[35m[HTTP]&amp#27;[39m &amp#27;[37m<-- GET /wd/hub/session/ac286ecd-664c-4608-9872-79aa6bfd6df3 &amp#27;[39m&amp#27;[32m200&amp#27;[39m &amp#27;[90m15 ms - 932&amp#27;[39m
&amp#27;[35m[HTTP]&amp#27;[39m &amp#27;[90m&amp#27;[39m
&amp#27;[35m[HTTP]&amp#27;[39m &amp#27;[37m-->&amp#27;[39m &amp#27;[37mGET&amp#27;[39m &amp#27;[37m/wd/hub/session/ac286ecd-664c-4608-9872-79aa6bfd6df3&amp#27;[39m
&amp#27;[35m[HTTP]&amp#27;[39m &amp#27;[90m{}&amp#27;[39m
[debug] &amp#27;[35m[W3C (ac286ecd)]&amp#27;[39m Calling AppiumDriver.getSession() with args: ["ac286ecd-664c-4608-9872-79aa6bfd6df3"]
[debug] &amp#27;[35m[UiAutomator2]&amp#27;[39m Getting session details from server to mix in
[debug] &amp#27;[35m[WD Proxy]&amp#27;[39m Matched '/' to command name 'getSession'
[debug] &amp#27;[35m[WD Proxy]&amp#27;[39m Proxying [GET /] to [GET http://127.0.0.1:8200/wd/hub/session/8a2ed2b8-3994-49fe-9662-1059034ed5f4] with no body
[debug] &amp#27;[35m[WD Proxy]&amp#27;[39m Got response with status 200: {"sessionId":"8a2ed2b8-3994-49fe-9662-1059034ed5f4","value":{"lastScrollData":null}}
[debug] &amp#27;[35m[W3C (ac286ecd)]&amp#27;[39m Responding to client with driver.getSession() result: {"platform":"LINUX","webStorageEnabled":false,"takesScreenshot":true,"javascriptEnabled":true,"databaseEnabled":false,"networkConnectionEnabled":true,"locationContextEnabled":false,"warnings":{},"desired":{"platformName":"android","appActivity":"io.appium.android.apis.ApiDemos","appPackage":"io.appium.android.apis","automationName":"uiautomator2","deviceName":"emulator-5554","newCommandTimeout":14},"platformName":"android","appActivity":"io.appium.android.apis.ApiDemos","appPackage":"io.appium.android.apis","automationName":"uiautomator2","deviceName":"emulator-5554","newCommandTimeout":14,"deviceUDID":"emulator-5554","deviceApiLevel":27,"platformVersion":"8.1.0","deviceScreenSize":"1080x2280","deviceScreenDensity":440,"deviceModel":"Android SDK built for x86","deviceManufacturer":"Google","pixelRatio":2.75,"statBarHeight":66,"viewportRect":{"left":0,"top":66,"width":1080,"height":2082},"lastScrollData":null}
&amp#27;[35m[HTTP]&amp#27;[39m &amp#27;[37m<-- GET /wd/hub/session/ac286ecd-664c-4608-9872-79aa6bfd6df3 &amp#27;[39m&amp#27;[32m200&amp#27;[39m &amp#27;[90m10 ms - 932&amp#27;[39m
&amp#27;[35m[HTTP]&amp#27;[39m &amp#27;[90m&amp#27;[39m
&amp#27;[35m[HTTP]&amp#27;[39m &amp#27;[37m-->&amp#27;[39m &amp#27;[37mPOST&amp#27;[39m &amp#27;[37m/wd/hub/session/ac286ecd-664c-4608-9872-79aa6bfd6df3/element&amp#27;[39m
&amp#27;[35m[HTTP]&amp#27;[39m &amp#27;[90m{"using":"xpath","value":"//android.widget.TextView[@content-desc='Preference']"}&amp#27;[39m
[debug] &amp#27;[35m[W3C (ac286ecd)]&amp#27;[39m Calling AppiumDriver.findElement() with args: ["xpath","//android.widget.TextView[@content-desc='Preference']","ac286ecd-664c-4608-9872-79aa6bfd6df3"]
[debug] &amp#27;[35m[BaseDriver]&amp#27;[39m Valid locator strategies for this request: xpath, id, class name, accessibility id, css selector, -android uiautomator
[debug] &amp#27;[35m[BaseDriver]&amp#27;[39m Waiting up to 10000 ms for condition
[debug] &amp#27;[35m[WD Proxy]&amp#27;[39m Matched '/element' to command name 'findElement'
[debug] &amp#27;[35m[WD Proxy]&amp#27;[39m Proxying [POST /element] to [POST http://127.0.0.1:8200/wd/hub/session/8a2ed2b8-3994-49fe-9662-1059034ed5f4/element] with body: {"strategy":"xpath","selector":"//android.widget.TextView[@content-desc='Preference']","context":"","multiple":false}
[debug] &amp#27;[35m[WD Proxy]&amp#27;[39m Got response with status 200: {"sessionId":"8a2ed2b8-3994-49fe-9662-1059034ed5f4","value":{"ELEMENT":"00000000-0000-0039-ffff-ffff00000010","element-6066-11e4-a52e-4f735466cecf":"00000000-0000-0039-ffff-ffff00000010"}}
[debug] &amp#27;[35m[W3C (ac286ecd)]&amp#27;[39m Responding to client with driver.findElement() result: {"element-6066-11e4-a52e-4f735466cecf":"00000000-0000-0039-ffff-ffff00000010","ELEMENT":"00000000-0000-0039-ffff-ffff00000010"}
&amp#27;[35m[HTTP]&amp#27;[39m &amp#27;[37m<-- POST /wd/hub/session/ac286ecd-664c-4608-9872-79aa6bfd6df3/element &amp#27;[39m&amp#27;[32m200&amp#27;[39m &amp#27;[90m796 ms - 137&amp#27;[39m
&amp#27;[35m[HTTP]&amp#27;[39m &amp#27;[90m&amp#27;[39m
&amp#27;[35m[HTTP]&amp#27;[39m &amp#27;[37m-->&amp#27;[39m &amp#27;[37mPOST&amp#27;[39m &amp#27;[37m/wd/hub/session/ac286ecd-664c-4608-9872-79aa6bfd6df3/element/00000000-0000-0039-ffff-ffff00000010/click&amp#27;[39m
&amp#27;[35m[HTTP]&amp#27;[39m &amp#27;[90m{"id":"00000000-0000-0039-ffff-ffff00000010"}&amp#27;[39m
[debug] &amp#27;[35m[W3C (ac286ecd)]&amp#27;[39m Calling AppiumDriver.click() with args: ["00000000-0000-0039-ffff-ffff00000010","ac286ecd-664c-4608-9872-79aa6bfd6df3"]
[debug] &amp#27;[35m[WD Proxy]&amp#27;[39m Matched '/element/00000000-0000-0039-ffff-ffff00000010/click' to command name 'click'
[debug] &amp#27;[35m[WD Proxy]&amp#27;[39m Proxying [POST /element/00000000-0000-0039-ffff-ffff00000010/click] to [POST http://127.0.0.1:8200/wd/hub/session/8a2ed2b8-3994-49fe-9662-1059034ed5f4/element/00000000-0000-0039-ffff-ffff00000010/click] with body: {"element":"00000000-0000-0039-ffff-ffff00000010"}
[debug] &amp#27;[35m[WD Proxy]&amp#27;[39m Got response with status 200: {"sessionId":"8a2ed2b8-3994-49fe-9662-1059034ed5f4","value":null}
[debug] &amp#27;[35m[W3C (ac286ecd)]&amp#27;[39m Responding to client with driver.click() result: null
&amp#27;[35m[HTTP]&amp#27;[39m &amp#27;[37m<-- POST /wd/hub/session/ac286ecd-664c-4608-9872-79aa6bfd6df3/element/00000000-0000-0039-ffff-ffff00000010/click &amp#27;[39m&amp#27;[32m200&amp#27;[39m &amp#27;[90m676 ms - 14&amp#27;[39m
&amp#27;[35m[HTTP]&amp#27;[39m &amp#27;[90m&amp#27;[39m
&amp#27;[35m[HTTP]&amp#27;[39m &amp#27;[37m-->&amp#27;[39m &amp#27;[37mGET&amp#27;[39m &amp#27;[37m/wd/hub/session/ac286ecd-664c-4608-9872-79aa6bfd6df3&amp#27;[39m
&amp#27;[35m[HTTP]&amp#27;[39m &amp#27;[90m{}&amp#27;[39m
[debug] &amp#27;[35m[W3C (ac286ecd)]&amp#27;[39m Calling AppiumDriver.getSession() with args: ["ac286ecd-664c-4608-9872-79aa6bfd6df3"]
[debug] &amp#27;[35m[UiAutomator2]&amp#27;[39m Getting session details from server to mix in
[debug] &amp#27;[35m[WD Proxy]&amp#27;[39m Matched '/' to command name 'getSession'
[debug] &amp#27;[35m[WD Proxy]&amp#27;[39m Proxying [GET /] to [GET http://127.0.0.1:8200/wd/hub/session/8a2ed2b8-3994-49fe-9662-1059034ed5f4] with no body
[debug] &amp#27;[35m[WD Proxy]&amp#27;[39m Got response with status 200: {"sessionId":"8a2ed2b8-3994-49fe-9662-1059034ed5f4","value":{"lastScrollData":null}}
[debug] &amp#27;[35m[W3C (ac286ecd)]&amp#27;[39m Responding to client with driver.getSession() result: {"platform":"LINUX","webStorageEnabled":false,"takesScreenshot":true,"javascriptEnabled":true,"databaseEnabled":false,"networkConnectionEnabled":true,"locationContextEnabled":false,"warnings":{},"desired":{"platformName":"android","appActivity":"io.appium.android.apis.ApiDemos","appPackage":"io.appium.android.apis","automationName":"uiautomator2","deviceName":"emulator-5554","newCommandTimeout":14},"platformName":"android","appActivity":"io.appium.android.apis.ApiDemos","appPackage":"io.appium.android.apis","automationName":"uiautomator2","deviceName":"emulator-5554","newCommandTimeout":14,"deviceUDID":"emulator-5554","deviceApiLevel":27,"platformVersion":"8.1.0","deviceScreenSize":"1080x2280","deviceScreenDensity":440,"deviceModel":"Android SDK built for x86","deviceManufacturer":"Google","pixelRatio":2.75,"statBarHeight":66,"viewportRect":{"left":0,"top":66,"width":1080,"height":2082},"lastScrollData":null}
&amp#27;[35m[HTTP]&amp#27;[39m &amp#27;[37m<-- GET /wd/hub/session/ac286ecd-664c-4608-9872-79aa6bfd6df3 &amp#27;[39m&amp#27;[32m200&amp#27;[39m &amp#27;[90m16 ms - 932&amp#27;[39m
&amp#27;[35m[HTTP]&amp#27;[39m &amp#27;[90m&amp#27;[39m
&amp#27;[35m[HTTP]&amp#27;[39m &amp#27;[37m-->&amp#27;[39m &amp#27;[37mGET&amp#27;[39m &amp#27;[37m/wd/hub/session/ac286ecd-664c-4608-9872-79aa6bfd6df3&amp#27;[39m
&amp#27;[35m[HTTP]&amp#27;[39m &amp#27;[90m{}&amp#27;[39m
[debug] &amp#27;[35m[W3C (ac286ecd)]&amp#27;[39m Calling AppiumDriver.getSession() with args: ["ac286ecd-664c-4608-9872-79aa6bfd6df3"]
[debug] &amp#27;[35m[UiAutomator2]&amp#27;[39m Getting session details from server to mix in
[debug] &amp#27;[35m[WD Proxy]&amp#27;[39m Matched '/' to command name 'getSession'
[debug] &amp#27;[35m[WD Proxy]&amp#27;[39m Proxying [GET /] to [GET http://127.0.0.1:8200/wd/hub/session/8a2ed2b8-3994-49fe-9662-1059034ed5f4] with no body
[debug] &amp#27;[35m[WD Proxy]&amp#27;[39m Got response with status 200: {"sessionId":"8a2ed2b8-3994-49fe-9662-1059034ed5f4","value":{"lastScrollData":null}}
[debug] &amp#27;[35m[W3C (ac286ecd)]&amp#27;[39m Responding to client with driver.getSession() result: {"platform":"LINUX","webStorageEnabled":false,"takesScreenshot":true,"javascriptEnabled":true,"databaseEnabled":false,"networkConnectionEnabled":true,"locationContextEnabled":false,"warnings":{},"desired":{"platformName":"android","appActivity":"io.appium.android.apis.ApiDemos","appPackage":"io.appium.android.apis","automationName":"uiautomator2","deviceName":"emulator-5554","newCommandTimeout":14},"platformName":"android","appActivity":"io.appium.android.apis.ApiDemos","appPackage":"io.appium.android.apis","automationName":"uiautomator2","deviceName":"emulator-5554","newCommandTimeout":14,"deviceUDID":"emulator-5554","deviceApiLevel":27,"platformVersion":"8.1.0","deviceScreenSize":"1080x2280","deviceScreenDensity":440,"deviceModel":"Android SDK built for x86","deviceManufacturer":"Google","pixelRatio":2.75,"statBarHeight":66,"viewportRect":{"left":0,"top":66,"width":1080,"height":2082},"lastScrollData":null}
&amp#27;[35m[HTTP]&amp#27;[39m &amp#27;[37m<-- GET /wd/hub/session/ac286ecd-664c-4608-9872-79aa6bfd6df3 &amp#27;[39m&amp#27;[32m200&amp#27;[39m &amp#27;[90m15 ms - 932&amp#27;[39m
&amp#27;[35m[HTTP]&amp#27;[39m &amp#27;[90m&amp#27;[39m
&amp#27;[35m[HTTP]&amp#27;[39m &amp#27;[37m-->&amp#27;[39m &amp#27;[37mGET&amp#27;[39m &amp#27;[37m/wd/hub/session/ac286ecd-664c-4608-9872-79aa6bfd6df3&amp#27;[39m
&amp#27;[35m[HTTP]&amp#27;[39m &amp#27;[90m{}&amp#27;[39m
[debug] &amp#27;[35m[W3C (ac286ecd)]&amp#27;[39m Calling AppiumDriver.getSession() with args: ["ac286ecd-664c-4608-9872-79aa6bfd6df3"]
[debug] &amp#27;[35m[UiAutomator2]&amp#27;[39m Getting session details from server to mix in
[debug] &amp#27;[35m[WD Proxy]&amp#27;[39m Matched '/' to command name 'getSession'
[debug] &amp#27;[35m[WD Proxy]&amp#27;[39m Proxying [GET /] to [GET http://127.0.0.1:8200/wd/hub/session/8a2ed2b8-3994-49fe-9662-1059034ed5f4] with no body
[debug] &amp#27;[35m[WD Proxy]&amp#27;[39m Got response with status 200: {"sessionId":"8a2ed2b8-3994-49fe-9662-1059034ed5f4","value":{"lastScrollData":null}}
[debug] &amp#27;[35m[W3C (ac286ecd)]&amp#27;[39m Responding to client with driver.getSession() result: {"platform":"LINUX","webStorageEnabled":false,"takesScreenshot":true,"javascriptEnabled":true,"databaseEnabled":false,"networkConnectionEnabled":true,"locationContextEnabled":false,"warnings":{},"desired":{"platformName":"android","appActivity":"io.appium.android.apis.ApiDemos","appPackage":"io.appium.android.apis","automationName":"uiautomator2","deviceName":"emulator-5554","newCommandTimeout":14},"platformName":"android","appActivity":"io.appium.android.apis.ApiDemos","appPackage":"io.appium.android.apis","automationName":"uiautomator2","deviceName":"emulator-5554","newCommandTimeout":14,"deviceUDID":"emulator-5554","deviceApiLevel":27,"platformVersion":"8.1.0","deviceScreenSize":"1080x2280","deviceScreenDensity":440,"deviceModel":"Android SDK built for x86","deviceManufacturer":"Google","pixelRatio":2.75,"statBarHeight":66,"viewportRect":{"left":0,"top":66,"width":1080,"height":2082},"lastScrollData":null}
&amp#27;[35m[HTTP]&amp#27;[39m &amp#27;[37m<-- GET /wd/hub/session/ac286ecd-664c-4608-9872-79aa6bfd6df3 &amp#27;[39m&amp#27;[32m200&amp#27;[39m &amp#27;[90m13 ms - 932&amp#27;[39m
&amp#27;[35m[HTTP]&amp#27;[39m &amp#27;[90m&amp#27;[39m
&amp#27;[35m[HTTP]&amp#27;[39m &amp#27;[37m-->&amp#27;[39m &amp#27;[37mPOST&amp#27;[39m &amp#27;[37m/wd/hub/session/ac286ecd-664c-4608-9872-79aa6bfd6df3/element&amp#27;[39m
&amp#27;[35m[HTTP]&amp#27;[39m &amp#27;[90m{"using":"xpath","value":"//android.widget.TextView[@content-desc='3. Preference dependencies']"}&amp#27;[39m
[debug] &amp#27;[35m[W3C (ac286ecd)]&amp#27;[39m Calling AppiumDriver.findElement() with args: ["xpath","//android.widget.TextView[@content-desc='3. Preference dependencies']","ac286ecd-664c-4608-9872-79aa6bfd6df3"]
[debug] &amp#27;[35m[BaseDriver]&amp#27;[39m Valid locator strategies for this request: xpath, id, class name, accessibility id, css selector, -android uiautomator
[debug] &amp#27;[35m[BaseDriver]&amp#27;[39m Waiting up to 10000 ms for condition
[debug] &amp#27;[35m[WD Proxy]&amp#27;[39m Matched '/element' to command name 'findElement'
[debug] &amp#27;[35m[WD Proxy]&amp#27;[39m Proxying [POST /element] to [POST http://127.0.0.1:8200/wd/hub/session/8a2ed2b8-3994-49fe-9662-1059034ed5f4/element] with body: {"strategy":"xpath","selector":"//android.widget.TextView[@content-desc='3. Preference dependencies']","context":"","multiple":false}
&amp#27;[35m[WD Proxy]&amp#27;[39m Got response with status 404: {"sessionId":"8a2ed2b8-3994-49fe-9662-1059034ed5f4","value":{"error":"no such element","message":"An element could not be located on the page using the given search parameters","stacktrace":"io.appium.uiautomator2.common.exceptions.ElementNotFoundException: An element could not be located on the page using the given search parameters\n\tat io.appium.uiautomator2.handler.FindElement.findElement(FindElement.java:90)\n\tat io.appium.uiautomator2.handler.FindElement.safeHandle(FindElement.java:67)\n\tat io.appium.uiautomator2.handler.request.SafeRequestHandler.handle(SafeRequestHandler.java:59)\n\tat io.appium.uiautomator2.server.AppiumServlet.handleRequest(AppiumServlet.java:266)\n\tat io.appium.uiautomator2.server.AppiumServlet.handleHttpRequest(AppiumServlet.java:260)\n\tat io.appium.uiautomator2.http.ServerHandler.channelRead(ServerHandler.java:68)\n\tat io.netty.channel.AbstractChannelHandlerContext.invokeChannelRead(AbstractChannelHandlerContext.java:366)\n\tat io.netty.channel.AbstractChannelHandlerCont...
[debug] &amp#27;[35m[W3C]&amp#27;[39m Matched W3C error code 'no such element' to NoSuchElementError
[debug] &amp#27;[35m[BaseDriver]&amp#27;[39m Waited for 130 ms so far
[debug] &amp#27;[35m[WD Proxy]&amp#27;[39m Matched '/element' to command name 'findElement'
[debug] &amp#27;[35m[WD Proxy]&amp#27;[39m Proxying [POST /element] to [POST http://127.0.0.1:8200/wd/hub/session/8a2ed2b8-3994-49fe-9662-1059034ed5f4/element] with body: {"strategy":"xpath","selector":"//android.widget.TextView[@content-desc='3. Preference dependencies']","context":"","multiple":false}
[debug] &amp#27;[35m[WD Proxy]&amp#27;[39m Got response with status 200: {"sessionId":"8a2ed2b8-3994-49fe-9662-1059034ed5f4","value":{"ELEMENT":"00000000-0000-003a-ffff-ffff00000020","element-6066-11e4-a52e-4f735466cecf":"00000000-0000-003a-ffff-ffff00000020"}}
[debug] &amp#27;[35m[W3C (ac286ecd)]&amp#27;[39m Responding to client with driver.findElement() result: {"element-6066-11e4-a52e-4f735466cecf":"00000000-0000-003a-ffff-ffff00000020","ELEMENT":"00000000-0000-003a-ffff-ffff00000020"}
&amp#27;[35m[HTTP]&amp#27;[39m &amp#27;[37m<-- POST /wd/hub/session/ac286ecd-664c-4608-9872-79aa6bfd6df3/element &amp#27;[39m&amp#27;[32m200&amp#27;[39m &amp#27;[90m1053 ms - 137&amp#27;[39m
&amp#27;[35m[HTTP]&amp#27;[39m &amp#27;[90m&amp#27;[39m
&amp#27;[35m[HTTP]&amp#27;[39m &amp#27;[37m-->&amp#27;[39m &amp#27;[37mPOST&amp#27;[39m &amp#27;[37m/wd/hub/session/ac286ecd-664c-4608-9872-79aa6bfd6df3/element/00000000-0000-003a-ffff-ffff00000020/click&amp#27;[39m
&amp#27;[35m[HTTP]&amp#27;[39m &amp#27;[90m{"id":"00000000-0000-003a-ffff-ffff00000020"}&amp#27;[39m
[debug] &amp#27;[35m[W3C (ac286ecd)]&amp#27;[39m Calling AppiumDriver.click() with args: ["00000000-0000-003a-ffff-ffff00000020","ac286ecd-664c-4608-9872-79aa6bfd6df3"]
[debug] &amp#27;[35m[WD Proxy]&amp#27;[39m Matched '/element/00000000-0000-003a-ffff-ffff00000020/click' to command name 'click'
[debug] &amp#27;[35m[WD Proxy]&amp#27;[39m Proxying [POST /element/00000000-0000-003a-ffff-ffff00000020/click] to [POST http://127.0.0.1:8200/wd/hub/session/8a2ed2b8-3994-49fe-9662-1059034ed5f4/element/00000000-0000-003a-ffff-ffff00000020/click] with body: {"element":"00000000-0000-003a-ffff-ffff00000020"}
[debug] &amp#27;[35m[WD Proxy]&amp#27;[39m Got response with status 200: {"sessionId":"8a2ed2b8-3994-49fe-9662-1059034ed5f4","value":null}
[debug] &amp#27;[35m[W3C (ac286ecd)]&amp#27;[39m Responding to client with driver.click() result: null
&amp#27;[35m[HTTP]&amp#27;[39m &amp#27;[37m<-- POST /wd/hub/session/ac286ecd-664c-4608-9872-79aa6bfd6df3/element/00000000-0000-003a-ffff-ffff00000020/click &amp#27;[39m&amp#27;[32m200&amp#27;[39m &amp#27;[90m22 ms - 14&amp#27;[39m
&amp#27;[35m[HTTP]&amp#27;[39m &amp#27;[90m&amp#27;[39m
&amp#27;[35m[HTTP]&amp#27;[39m &amp#27;[37m-->&amp#27;[39m &amp#27;[37mGET&amp#27;[39m &amp#27;[37m/wd/hub/session/ac286ecd-664c-4608-9872-79aa6bfd6df3&amp#27;[39m
&amp#27;[35m[HTTP]&amp#27;[39m &amp#27;[90m{}&amp#27;[39m
[debug] &amp#27;[35m[W3C (ac286ecd)]&amp#27;[39m Calling AppiumDriver.getSession() with args: ["ac286ecd-664c-4608-9872-79aa6bfd6df3"]
[debug] &amp#27;[35m[UiAutomator2]&amp#27;[39m Getting session details from server to mix in
[debug] &amp#27;[35m[WD Proxy]&amp#27;[39m Matched '/' to command name 'getSession'
[debug] &amp#27;[35m[WD Proxy]&amp#27;[39m Proxying [GET /] to [GET http://127.0.0.1:8200/wd/hub/session/8a2ed2b8-3994-49fe-9662-1059034ed5f4] with no body
[debug] &amp#27;[35m[WD Proxy]&amp#27;[39m Got response with status 200: {"sessionId":"8a2ed2b8-3994-49fe-9662-1059034ed5f4","value":{"lastScrollData":null}}
[debug] &amp#27;[35m[W3C (ac286ecd)]&amp#27;[39m Responding to client with driver.getSession() result: {"platform":"LINUX","webStorageEnabled":false,"takesScreenshot":true,"javascriptEnabled":true,"databaseEnabled":false,"networkConnectionEnabled":true,"locationContextEnabled":false,"warnings":{},"desired":{"platformName":"android","appActivity":"io.appium.android.apis.ApiDemos","appPackage":"io.appium.android.apis","automationName":"uiautomator2","deviceName":"emulator-5554","newCommandTimeout":14},"platformName":"android","appActivity":"io.appium.android.apis.ApiDemos","appPackage":"io.appium.android.apis","automationName":"uiautomator2","deviceName":"emulator-5554","newCommandTimeout":14,"deviceUDID":"emulator-5554","deviceApiLevel":27,"platformVersion":"8.1.0","deviceScreenSize":"1080x2280","deviceScreenDensity":440,"deviceModel":"Android SDK built for x86","deviceManufacturer":"Google","pixelRatio":2.75,"statBarHeight":66,"viewportRect":{"left":0,"top":66,"width":1080,"height":2082},"lastScrollData":null}
&amp#27;[35m[HTTP]&amp#27;[39m &amp#27;[37m<-- GET /wd/hub/session/ac286ecd-664c-4608-9872-79aa6bfd6df3 &amp#27;[39m&amp#27;[32m200&amp#27;[39m &amp#27;[90m11 ms - 932&amp#27;[39m
&amp#27;[35m[HTTP]&amp#27;[39m &amp#27;[90m&amp#27;[39m
&amp#27;[35m[HTTP]&amp#27;[39m &amp#27;[37m-->&amp#27;[39m &amp#27;[37mGET&amp#27;[39m &amp#27;[37m/wd/hub/session/ac286ecd-664c-4608-9872-79aa6bfd6df3&amp#27;[39m
&amp#27;[35m[HTTP]&amp#27;[39m &amp#27;[90m{}&amp#27;[39m
[debug] &amp#27;[35m[W3C (ac286ecd)]&amp#27;[39m Calling AppiumDriver.getSession() with args: ["ac286ecd-664c-4608-9872-79aa6bfd6df3"]
[debug] &amp#27;[35m[UiAutomator2]&amp#27;[39m Getting session details from server to mix in
[debug] &amp#27;[35m[WD Proxy]&amp#27;[39m Matched '/' to command name 'getSession'
[debug] &amp#27;[35m[WD Proxy]&amp#27;[39m Proxying [GET /] to [GET http://127.0.0.1:8200/wd/hub/session/8a2ed2b8-3994-49fe-9662-1059034ed5f4] with no body
[debug] &amp#27;[35m[WD Proxy]&amp#27;[39m Got response with status 200: {"sessionId":"8a2ed2b8-3994-49fe-9662-1059034ed5f4","value":{"lastScrollData":null}}
[debug] &amp#27;[35m[W3C (ac286ecd)]&amp#27;[39m Responding to client with driver.getSession() result: {"platform":"LINUX","webStorageEnabled":false,"takesScreenshot":true,"javascriptEnabled":true,"databaseEnabled":false,"networkConnectionEnabled":true,"locationContextEnabled":false,"warnings":{},"desired":{"platformName":"android","appActivity":"io.appium.android.apis.ApiDemos","appPackage":"io.appium.android.apis","automationName":"uiautomator2","deviceName":"emulator-5554","newCommandTimeout":14},"platformName":"android","appActivity":"io.appium.android.apis.ApiDemos","appPackage":"io.appium.android.apis","automationName":"uiautomator2","deviceName":"emulator-5554","newCommandTimeout":14,"deviceUDID":"emulator-5554","deviceApiLevel":27,"platformVersion":"8.1.0","deviceScreenSize":"1080x2280","deviceScreenDensity":440,"deviceModel":"Android SDK built for x86","deviceManufacturer":"Google","pixelRatio":2.75,"statBarHeight":66,"viewportRect":{"left":0,"top":66,"width":1080,"height":2082},"lastScrollData":null}
&amp#27;[35m[HTTP]&amp#27;[39m &amp#27;[37m<-- GET /wd/hub/session/ac286ecd-664c-4608-9872-79aa6bfd6df3 &amp#27;[39m&amp#27;[32m200&amp#27;[39m &amp#27;[90m13 ms - 932&amp#27;[39m
&amp#27;[35m[HTTP]&amp#27;[39m &amp#27;[90m&amp#27;[39m
&amp#27;[35m[HTTP]&amp#27;[39m &amp#27;[37m-->&amp#27;[39m &amp#27;[37mGET&amp#27;[39m &amp#27;[37m/wd/hub/session/ac286ecd-664c-4608-9872-79aa6bfd6df3&amp#27;[39m
&amp#27;[35m[HTTP]&amp#27;[39m &amp#27;[90m{}&amp#27;[39m
[debug] &amp#27;[35m[W3C (ac286ecd)]&amp#27;[39m Calling AppiumDriver.getSession() with args: ["ac286ecd-664c-4608-9872-79aa6bfd6df3"]
[debug] &amp#27;[35m[UiAutomator2]&amp#27;[39m Getting session details from server to mix in
[debug] &amp#27;[35m[WD Proxy]&amp#27;[39m Matched '/' to command name 'getSession'
[debug] &amp#27;[35m[WD Proxy]&amp#27;[39m Proxying [GET /] to [GET http://127.0.0.1:8200/wd/hub/session/8a2ed2b8-3994-49fe-9662-1059034ed5f4] with no body
[debug] &amp#27;[35m[WD Proxy]&amp#27;[39m Got response with status 200: {"sessionId":"8a2ed2b8-3994-49fe-9662-1059034ed5f4","value":{"lastScrollData":null}}
[debug] &amp#27;[35m[W3C (ac286ecd)]&amp#27;[39m Responding to client with driver.getSession() result: {"platform":"LINUX","webStorageEnabled":false,"takesScreenshot":true,"javascriptEnabled":true,"databaseEnabled":false,"networkConnectionEnabled":true,"locationContextEnabled":false,"warnings":{},"desired":{"platformName":"android","appActivity":"io.appium.android.apis.ApiDemos","appPackage":"io.appium.android.apis","automationName":"uiautomator2","deviceName":"emulator-5554","newCommandTimeout":14},"platformName":"android","appActivity":"io.appium.android.apis.ApiDemos","appPackage":"io.appium.android.apis","automationName":"uiautomator2","deviceName":"emulator-5554","newCommandTimeout":14,"deviceUDID":"emulator-5554","deviceApiLevel":27,"platformVersion":"8.1.0","deviceScreenSize":"1080x2280","deviceScreenDensity":440,"deviceModel":"Android SDK built for x86","deviceManufacturer":"Google","pixelRatio":2.75,"statBarHeight":66,"viewportRect":{"left":0,"top":66,"width":1080,"height":2082},"lastScrollData":null}
&amp#27;[35m[HTTP]&amp#27;[39m &amp#27;[37m<-- GET /wd/hub/session/ac286ecd-664c-4608-9872-79aa6bfd6df3 &amp#27;[39m&amp#27;[32m200&amp#27;[39m &amp#27;[90m11 ms - 932&amp#27;[39m
&amp#27;[35m[HTTP]&amp#27;[39m &amp#27;[90m&amp#27;[39m
&amp#27;[35m[HTTP]&amp#27;[39m &amp#27;[37m-->&amp#27;[39m &amp#27;[37mPOST&amp#27;[39m &amp#27;[37m/wd/hub/session/ac286ecd-664c-4608-9872-79aa6bfd6df3/element&amp#27;[39m
&amp#27;[35m[HTTP]&amp#27;[39m &amp#27;[90m{"using":"id","value":"android:id/checkbox"}&amp#27;[39m
[debug] &amp#27;[35m[W3C (ac286ecd)]&amp#27;[39m Calling AppiumDriver.findElement() with args: ["id","android:id/checkbox","ac286ecd-664c-4608-9872-79aa6bfd6df3"]
[debug] &amp#27;[35m[BaseDriver]&amp#27;[39m Valid locator strategies for this request: xpath, id, class name, accessibility id, css selector, -android uiautomator
[debug] &amp#27;[35m[BaseDriver]&amp#27;[39m Waiting up to 10000 ms for condition
[debug] &amp#27;[35m[WD Proxy]&amp#27;[39m Matched '/element' to command name 'findElement'
[debug] &amp#27;[35m[WD Proxy]&amp#27;[39m Proxying [POST /element] to [POST http://127.0.0.1:8200/wd/hub/session/8a2ed2b8-3994-49fe-9662-1059034ed5f4/element] with body: {"strategy":"id","selector":"android:id/checkbox","context":"","multiple":false}
[debug] &amp#27;[35m[WD Proxy]&amp#27;[39m Got response with status 200: {"sessionId":"8a2ed2b8-3994-49fe-9662-1059034ed5f4","value":{"ELEMENT":"00000000-0000-003b-ffff-ffff0000003b","element-6066-11e4-a52e-4f735466cecf":"00000000-0000-003b-ffff-ffff0000003b"}}
[debug] &amp#27;[35m[W3C (ac286ecd)]&amp#27;[39m Responding to client with driver.findElement() result: {"element-6066-11e4-a52e-4f735466cecf":"00000000-0000-003b-ffff-ffff0000003b","ELEMENT":"00000000-0000-003b-ffff-ffff0000003b"}
&amp#27;[35m[HTTP]&amp#27;[39m &amp#27;[37m<-- POST /wd/hub/session/ac286ecd-664c-4608-9872-79aa6bfd6df3/element &amp#27;[39m&amp#27;[32m200&amp#27;[39m &amp#27;[90m1066 ms - 137&amp#27;[39m
&amp#27;[35m[HTTP]&amp#27;[39m &amp#27;[90m&amp#27;[39m
&amp#27;[35m[HTTP]&amp#27;[39m &amp#27;[37m-->&amp#27;[39m &amp#27;[37mPOST&amp#27;[39m &amp#27;[37m/wd/hub/session/ac286ecd-664c-4608-9872-79aa6bfd6df3/element/00000000-0000-003b-ffff-ffff0000003b/click&amp#27;[39m
&amp#27;[35m[HTTP]&amp#27;[39m &amp#27;[90m{"id":"00000000-0000-003b-ffff-ffff0000003b"}&amp#27;[39m
[debug] &amp#27;[35m[W3C (ac286ecd)]&amp#27;[39m Calling AppiumDriver.click() with args: ["00000000-0000-003b-ffff-ffff0000003b","ac286ecd-664c-4608-9872-79aa6bfd6df3"]
[debug] &amp#27;[35m[WD Proxy]&amp#27;[39m Matched '/element/00000000-0000-003b-ffff-ffff0000003b/click' to command name 'click'
[debug] &amp#27;[35m[WD Proxy]&amp#27;[39m Proxying [POST /element/00000000-0000-003b-ffff-ffff0000003b/click] to [POST http://127.0.0.1:8200/wd/hub/session/8a2ed2b8-3994-49fe-9662-1059034ed5f4/element/00000000-0000-003b-ffff-ffff0000003b/click] with body: {"element":"00000000-0000-003b-ffff-ffff0000003b"}
[debug] &amp#27;[35m[WD Proxy]&amp#27;[39m Got response with status 200: {"sessionId":"8a2ed2b8-3994-49fe-9662-1059034ed5f4","value":null}
[debug] &amp#27;[35m[W3C (ac286ecd)]&amp#27;[39m Responding to client with driver.click() result: null
&amp#27;[35m[HTTP]&amp#27;[39m &amp#27;[37m<-- POST /wd/hub/session/ac286ecd-664c-4608-9872-79aa6bfd6df3/element/00000000-0000-003b-ffff-ffff0000003b/click &amp#27;[39m&amp#27;[32m200&amp#27;[39m &amp#27;[90m624 ms - 14&amp#27;[39m
&amp#27;[35m[HTTP]&amp#27;[39m &amp#27;[90m&amp#27;[39m
&amp#27;[35m[HTTP]&amp#27;[39m &amp#27;[37m-->&amp#27;[39m &amp#27;[37mGET&amp#27;[39m &amp#27;[37m/wd/hub/session/ac286ecd-664c-4608-9872-79aa6bfd6df3&amp#27;[39m
&amp#27;[35m[HTTP]&amp#27;[39m &amp#27;[90m{}&amp#27;[39m
[debug] &amp#27;[35m[W3C (ac286ecd)]&amp#27;[39m Calling AppiumDriver.getSession() with args: ["ac286ecd-664c-4608-9872-79aa6bfd6df3"]
[debug] &amp#27;[35m[UiAutomator2]&amp#27;[39m Getting session details from server to mix in
[debug] &amp#27;[35m[WD Proxy]&amp#27;[39m Matched '/' to command name 'getSession'
[debug] &amp#27;[35m[WD Proxy]&amp#27;[39m Proxying [GET /] to [GET http://127.0.0.1:8200/wd/hub/session/8a2ed2b8-3994-49fe-9662-1059034ed5f4] with no body
[debug] &amp#27;[35m[WD Proxy]&amp#27;[39m Got response with status 200: {"sessionId":"8a2ed2b8-3994-49fe-9662-1059034ed5f4","value":{"lastScrollData":null}}
[debug] &amp#27;[35m[W3C (ac286ecd)]&amp#27;[39m Responding to client with driver.getSession() result: {"platform":"LINUX","webStorageEnabled":false,"takesScreenshot":true,"javascriptEnabled":true,"databaseEnabled":false,"networkConnectionEnabled":true,"locationContextEnabled":false,"warnings":{},"desired":{"platformName":"android","appActivity":"io.appium.android.apis.ApiDemos","appPackage":"io.appium.android.apis","automationName":"uiautomator2","deviceName":"emulator-5554","newCommandTimeout":14},"platformName":"android","appActivity":"io.appium.android.apis.ApiDemos","appPackage":"io.appium.android.apis","automationName":"uiautomator2","deviceName":"emulator-5554","newCommandTimeout":14,"deviceUDID":"emulator-5554","deviceApiLevel":27,"platformVersion":"8.1.0","deviceScreenSize":"1080x2280","deviceScreenDensity":440,"deviceModel":"Android SDK built for x86","deviceManufacturer":"Google","pixelRatio":2.75,"statBarHeight":66,"viewportRect":{"left":0,"top":66,"width":1080,"height":2082},"lastScrollData":null}
&amp#27;[35m[HTTP]&amp#27;[39m &amp#27;[37m<-- GET /wd/hub/session/ac286ecd-664c-4608-9872-79aa6bfd6df3 &amp#27;[39m&amp#27;[32m200&amp#27;[39m &amp#27;[90m10 ms - 932&amp#27;[39m
&amp#27;[35m[HTTP]&amp#27;[39m &amp#27;[90m&amp#27;[39m
&amp#27;[35m[HTTP]&amp#27;[39m &amp#27;[37m-->&amp#27;[39m &amp#27;[37mPOST&amp#27;[39m &amp#27;[37m/wd/hub/session/ac286ecd-664c-4608-9872-79aa6bfd6df3/element&amp#27;[39m
&amp#27;[35m[HTTP]&amp#27;[39m &amp#27;[90m{"using":"xpath","value":"//android.widget.TextView[@text='WiFi settings']"}&amp#27;[39m
[debug] &amp#27;[35m[W3C (ac286ecd)]&amp#27;[39m Calling AppiumDriver.findElement() with args: ["xpath","//android.widget.TextView[@text='WiFi settings']","ac286ecd-664c-4608-9872-79aa6bfd6df3"]
[debug] &amp#27;[35m[BaseDriver]&amp#27;[39m Valid locator strategies for this request: xpath, id, class name, accessibility id, css selector, -android uiautomator
[debug] &amp#27;[35m[BaseDriver]&amp#27;[39m Waiting up to 10000 ms for condition
[debug] &amp#27;[35m[WD Proxy]&amp#27;[39m Matched '/element' to command name 'findElement'
[debug] &amp#27;[35m[WD Proxy]&amp#27;[39m Proxying [POST /element] to [POST http://127.0.0.1:8200/wd/hub/session/8a2ed2b8-3994-49fe-9662-1059034ed5f4/element] with body: {"strategy":"xpath","selector":"//android.widget.TextView[@text='WiFi settings']","context":"","multiple":false}
[debug] &amp#27;[35m[WD Proxy]&amp#27;[39m Got response with status 200: {"sessionId":"8a2ed2b8-3994-49fe-9662-1059034ed5f4","value":{"ELEMENT":"00000000-0000-003b-ffff-ffff0000003c","element-6066-11e4-a52e-4f735466cecf":"00000000-0000-003b-ffff-ffff0000003c"}}
[debug] &amp#27;[35m[W3C (ac286ecd)]&amp#27;[39m Responding to client with driver.findElement() result: {"element-6066-11e4-a52e-4f735466cecf":"00000000-0000-003b-ffff-ffff0000003c","ELEMENT":"00000000-0000-003b-ffff-ffff0000003c"}
&amp#27;[35m[HTTP]&amp#27;[39m &amp#27;[37m<-- POST /wd/hub/session/ac286ecd-664c-4608-9872-79aa6bfd6df3/element &amp#27;[39m&amp#27;[32m200&amp#27;[39m &amp#27;[90m74 ms - 137&amp#27;[39m
&amp#27;[35m[HTTP]&amp#27;[39m &amp#27;[90m&amp#27;[39m
&amp#27;[35m[HTTP]&amp#27;[39m &amp#27;[37m-->&amp#27;[39m &amp#27;[37mPOST&amp#27;[39m &amp#27;[37m/wd/hub/session/ac286ecd-664c-4608-9872-79aa6bfd6df3/element/00000000-0000-003b-ffff-ffff0000003c/click&amp#27;[39m
&amp#27;[35m[HTTP]&amp#27;[39m &amp#27;[90m{"id":"00000000-0000-003b-ffff-ffff0000003c"}&amp#27;[39m
[debug] &amp#27;[35m[W3C (ac286ecd)]&amp#27;[39m Calling AppiumDriver.click() with args: ["00000000-0000-003b-ffff-ffff0000003c","ac286ecd-664c-4608-9872-79aa6bfd6df3"]
[debug] &amp#27;[35m[WD Proxy]&amp#27;[39m Matched '/element/00000000-0000-003b-ffff-ffff0000003c/click' to command name 'click'
[debug] &amp#27;[35m[WD Proxy]&amp#27;[39m Proxying [POST /element/00000000-0000-003b-ffff-ffff0000003c/click] to [POST http://127.0.0.1:8200/wd/hub/session/8a2ed2b8-3994-49fe-9662-1059034ed5f4/element/00000000-0000-003b-ffff-ffff0000003c/click] with body: {"element":"00000000-0000-003b-ffff-ffff0000003c"}
[debug] &amp#27;[35m[WD Proxy]&amp#27;[39m Got response with status 200: {"sessionId":"8a2ed2b8-3994-49fe-9662-1059034ed5f4","value":null}
[debug] &amp#27;[35m[W3C (ac286ecd)]&amp#27;[39m Responding to client with driver.click() result: null
&amp#27;[35m[HTTP]&amp#27;[39m &amp#27;[37m<-- POST /wd/hub/session/ac286ecd-664c-4608-9872-79aa6bfd6df3/element/00000000-0000-003b-ffff-ffff0000003c/click &amp#27;[39m&amp#27;[32m200&amp#27;[39m &amp#27;[90m1372 ms - 14&amp#27;[39m
&amp#27;[35m[HTTP]&amp#27;[39m &amp#27;[90m&amp#27;[39m
&amp#27;[35m[HTTP]&amp#27;[39m &amp#27;[37m-->&amp#27;[39m &amp#27;[37mGET&amp#27;[39m &amp#27;[37m/wd/hub/session/ac286ecd-664c-4608-9872-79aa6bfd6df3&amp#27;[39m
&amp#27;[35m[HTTP]&amp#27;[39m &amp#27;[90m{}&amp#27;[39m
[debug] &amp#27;[35m[W3C (ac286ecd)]&amp#27;[39m Calling AppiumDriver.getSession() with args: ["ac286ecd-664c-4608-9872-79aa6bfd6df3"]
[debug] &amp#27;[35m[UiAutomator2]&amp#27;[39m Getting session details from server to mix in
[debug] &amp#27;[35m[WD Proxy]&amp#27;[39m Matched '/' to command name 'getSession'
[debug] &amp#27;[35m[WD Proxy]&amp#27;[39m Proxying [GET /] to [GET http://127.0.0.1:8200/wd/hub/session/8a2ed2b8-3994-49fe-9662-1059034ed5f4] with no body
[debug] &amp#27;[35m[WD Proxy]&amp#27;[39m Got response with status 200: {"sessionId":"8a2ed2b8-3994-49fe-9662-1059034ed5f4","value":{"lastScrollData":null}}
[debug] &amp#27;[35m[W3C (ac286ecd)]&amp#27;[39m Responding to client with driver.getSession() result: {"platform":"LINUX","webStorageEnabled":false,"takesScreenshot":true,"javascriptEnabled":true,"databaseEnabled":false,"networkConnectionEnabled":true,"locationContextEnabled":false,"warnings":{},"desired":{"platformName":"android","appActivity":"io.appium.android.apis.ApiDemos","appPackage":"io.appium.android.apis","automationName":"uiautomator2","deviceName":"emulator-5554","newCommandTimeout":14},"platformName":"android","appActivity":"io.appium.android.apis.ApiDemos","appPackage":"io.appium.android.apis","automationName":"uiautomator2","deviceName":"emulator-5554","newCommandTimeout":14,"deviceUDID":"emulator-5554","deviceApiLevel":27,"platformVersion":"8.1.0","deviceScreenSize":"1080x2280","deviceScreenDensity":440,"deviceModel":"Android SDK built for x86","deviceManufacturer":"Google","pixelRatio":2.75,"statBarHeight":66,"viewportRect":{"left":0,"top":66,"width":1080,"height":2082},"lastScrollData":null}
&amp#27;[35m[HTTP]&amp#27;[39m &amp#27;[37m<-- GET /wd/hub/session/ac286ecd-664c-4608-9872-79aa6bfd6df3 &amp#27;[39m&amp#27;[32m200&amp#27;[39m &amp#27;[90m12 ms - 932&amp#27;[39m
&amp#27;[35m[HTTP]&amp#27;[39m &amp#27;[90m&amp#27;[39m
&amp#27;[35m[HTTP]&amp#27;[39m &amp#27;[37m-->&amp#27;[39m &amp#27;[37mPOST&amp#27;[39m &amp#27;[37m/wd/hub/session/ac286ecd-664c-4608-9872-79aa6bfd6df3/element&amp#27;[39m
&amp#27;[35m[HTTP]&amp#27;[39m &amp#27;[90m{"using":"id","value":"android:id/edit"}&amp#27;[39m
[debug] &amp#27;[35m[W3C (ac286ecd)]&amp#27;[39m Calling AppiumDriver.findElement() with args: ["id","android:id/edit","ac286ecd-664c-4608-9872-79aa6bfd6df3"]
[debug] &amp#27;[35m[BaseDriver]&amp#27;[39m Valid locator strategies for this request: xpath, id, class name, accessibility id, css selector, -android uiautomator
[debug] &amp#27;[35m[BaseDriver]&amp#27;[39m Waiting up to 10000 ms for condition
[debug] &amp#27;[35m[WD Proxy]&amp#27;[39m Matched '/element' to command name 'findElement'
[debug] &amp#27;[35m[WD Proxy]&amp#27;[39m Proxying [POST /element] to [POST http://127.0.0.1:8200/wd/hub/session/8a2ed2b8-3994-49fe-9662-1059034ed5f4/element] with body: {"strategy":"id","selector":"android:id/edit","context":"","multiple":false}
[debug] &amp#27;[35m[WD Proxy]&amp#27;[39m Got response with status 200: {"sessionId":"8a2ed2b8-3994-49fe-9662-1059034ed5f4","value":{"ELEMENT":"00000000-0000-003c-ffff-ffff00000043","element-6066-11e4-a52e-4f735466cecf":"00000000-0000-003c-ffff-ffff00000043"}}
[debug] &amp#27;[35m[W3C (ac286ecd)]&amp#27;[39m Responding to client with driver.findElement() result: {"element-6066-11e4-a52e-4f735466cecf":"00000000-0000-003c-ffff-ffff00000043","ELEMENT":"00000000-0000-003c-ffff-ffff00000043"}
&amp#27;[35m[HTTP]&amp#27;[39m &amp#27;[37m<-- POST /wd/hub/session/ac286ecd-664c-4608-9872-79aa6bfd6df3/element &amp#27;[39m&amp#27;[32m200&amp#27;[39m &amp#27;[90m29 ms - 137&amp#27;[39m
&amp#27;[35m[HTTP]&amp#27;[39m &amp#27;[90m&amp#27;[39m
&amp#27;[35m[HTTP]&amp#27;[39m &amp#27;[37m-->&amp#27;[39m &amp#27;[37mPOST&amp#27;[39m &amp#27;[37m/wd/hub/session/ac286ecd-664c-4608-9872-79aa6bfd6df3/element/00000000-0000-003c-ffff-ffff00000043/value&amp#27;[39m
&amp#27;[35m[HTTP]&amp#27;[39m &amp#27;[90m{"id":"00000000-0000-003c-ffff-ffff00000043","text":"Hello","value":["H","e","l","l","o"]}&amp#27;[39m
[debug] &amp#27;[35m[W3C (ac286ecd)]&amp#27;[39m Calling AppiumDriver.setValue() with args: [["H","e","l","l","o"],"00000000-0000-003c-ffff-ffff00000043","ac286ecd-664c-4608-9872-79aa6bfd6df3"]
[debug] &amp#27;[35m[WD Proxy]&amp#27;[39m Matched '/element/00000000-0000-003c-ffff-ffff00000043/value' to command name 'setValue'
[debug] &amp#27;[35m[Protocol Converter]&amp#27;[39m Added 'value' property ["H","e","l","l","o"] to 'setValue' request body
[debug] &amp#27;[35m[WD Proxy]&amp#27;[39m Proxying [POST /element/00000000-0000-003c-ffff-ffff00000043/value] to [POST http://127.0.0.1:8200/wd/hub/session/8a2ed2b8-3994-49fe-9662-1059034ed5f4/element/00000000-0000-003c-ffff-ffff00000043/value] with body: {"elementId":"00000000-0000-003c-ffff-ffff00000043","text":"Hello","replace":false,"value":["H","e","l","l","o"]}
[debug] &amp#27;[35m[WD Proxy]&amp#27;[39m Got response with status 200: {"sessionId":"8a2ed2b8-3994-49fe-9662-1059034ed5f4","value":null}
[debug] &amp#27;[35m[W3C (ac286ecd)]&amp#27;[39m Responding to client with driver.setValue() result: null
&amp#27;[35m[HTTP]&amp#27;[39m &amp#27;[37m<-- POST /wd/hub/session/ac286ecd-664c-4608-9872-79aa6bfd6df3/element/00000000-0000-003c-ffff-ffff00000043/value &amp#27;[39m&amp#27;[32m200&amp#27;[39m &amp#27;[90m27 ms - 14&amp#27;[39m
&amp#27;[35m[HTTP]&amp#27;[39m &amp#27;[90m&amp#27;[39m
&amp#27;[35m[HTTP]&amp#27;[39m &amp#27;[37m-->&amp#27;[39m &amp#27;[37mGET&amp#27;[39m &amp#27;[37m/wd/hub/session/ac286ecd-664c-4608-9872-79aa6bfd6df3&amp#27;[39m
&amp#27;[35m[HTTP]&amp#27;[39m &amp#27;[90m{}&amp#27;[39m
[debug] &amp#27;[35m[W3C (ac286ecd)]&amp#27;[39m Calling AppiumDriver.getSession() with args: ["ac286ecd-664c-4608-9872-79aa6bfd6df3"]
[debug] &amp#27;[35m[UiAutomator2]&amp#27;[39m Getting session details from server to mix in
[debug] &amp#27;[35m[WD Proxy]&amp#27;[39m Matched '/' to command name 'getSession'
[debug] &amp#27;[35m[WD Proxy]&amp#27;[39m Proxying [GET /] to [GET http://127.0.0.1:8200/wd/hub/session/8a2ed2b8-3994-49fe-9662-1059034ed5f4] with no body
[debug] &amp#27;[35m[WD Proxy]&amp#27;[39m Got response with status 200: {"sessionId":"8a2ed2b8-3994-49fe-9662-1059034ed5f4","value":{"lastScrollData":null}}
[debug] &amp#27;[35m[W3C (ac286ecd)]&amp#27;[39m Responding to client with driver.getSession() result: {"platform":"LINUX","webStorageEnabled":false,"takesScreenshot":true,"javascriptEnabled":true,"databaseEnabled":false,"networkConnectionEnabled":true,"locationContextEnabled":false,"warnings":{},"desired":{"platformName":"android","appActivity":"io.appium.android.apis.ApiDemos","appPackage":"io.appium.android.apis","automationName":"uiautomator2","deviceName":"emulator-5554","newCommandTimeout":14},"platformName":"android","appActivity":"io.appium.android.apis.ApiDemos","appPackage":"io.appium.android.apis","automationName":"uiautomator2","deviceName":"emulator-5554","newCommandTimeout":14,"deviceUDID":"emulator-5554","deviceApiLevel":27,"platformVersion":"8.1.0","deviceScreenSize":"1080x2280","deviceScreenDensity":440,"deviceModel":"Android SDK built for x86","deviceManufacturer":"Google","pixelRatio":2.75,"statBarHeight":66,"viewportRect":{"left":0,"top":66,"width":1080,"height":2082},"lastScrollData":null}
&amp#27;[35m[HTTP]&amp#27;[39m &amp#27;[37m<-- GET /wd/hub/session/ac286ecd-664c-4608-9872-79aa6bfd6df3 &amp#27;[39m&amp#27;[32m200&amp#27;[39m &amp#27;[90m9 ms - 932&amp#27;[39m
&amp#27;[35m[HTTP]&amp#27;[39m &amp#27;[90m&amp#27;[39m
&amp#27;[35m[HTTP]&amp#27;[39m &amp#27;[37m-->&amp#27;[39m &amp#27;[37mPOST&amp#27;[39m &amp#27;[37m/wd/hub/session/ac286ecd-664c-4608-9872-79aa6bfd6df3/element&amp#27;[39m
&amp#27;[35m[HTTP]&amp#27;[39m &amp#27;[90m{"using":"id","value":"android:id/button1"}&amp#27;[39m
[debug] &amp#27;[35m[W3C (ac286ecd)]&amp#27;[39m Calling AppiumDriver.findElement() with args: ["id","android:id/button1","ac286ecd-664c-4608-9872-79aa6bfd6df3"]
[debug] &amp#27;[35m[BaseDriver]&amp#27;[39m Valid locator strategies for this request: xpath, id, class name, accessibility id, css selector, -android uiautomator
[debug] &amp#27;[35m[BaseDriver]&amp#27;[39m Waiting up to 10000 ms for condition
[debug] &amp#27;[35m[WD Proxy]&amp#27;[39m Matched '/element' to command name 'findElement'
[debug] &amp#27;[35m[WD Proxy]&amp#27;[39m Proxying [POST /element] to [POST http://127.0.0.1:8200/wd/hub/session/8a2ed2b8-3994-49fe-9662-1059034ed5f4/element] with body: {"strategy":"id","selector":"android:id/button1","context":"","multiple":false}
[debug] &amp#27;[35m[WD Proxy]&amp#27;[39m Got response with status 200: {"sessionId":"8a2ed2b8-3994-49fe-9662-1059034ed5f4","value":{"ELEMENT":"00000000-0000-003c-ffff-ffff0000004d","element-6066-11e4-a52e-4f735466cecf":"00000000-0000-003c-ffff-ffff0000004d"}}
[debug] &amp#27;[35m[W3C (ac286ecd)]&amp#27;[39m Responding to client with driver.findElement() result: {"element-6066-11e4-a52e-4f735466cecf":"00000000-0000-003c-ffff-ffff0000004d","ELEMENT":"00000000-0000-003c-ffff-ffff0000004d"}
&amp#27;[35m[HTTP]&amp#27;[39m &amp#27;[37m<-- POST /wd/hub/session/ac286ecd-664c-4608-9872-79aa6bfd6df3/element &amp#27;[39m&amp#27;[32m200&amp#27;[39m &amp#27;[90m865 ms - 137&amp#27;[39m
&amp#27;[35m[HTTP]&amp#27;[39m &amp#27;[90m&amp#27;[39m
&amp#27;[35m[HTTP]&amp#27;[39m &amp#27;[37m-->&amp#27;[39m &amp#27;[37mPOST&amp#27;[39m &amp#27;[37m/wd/hub/session/ac286ecd-664c-4608-9872-79aa6bfd6df3/element/00000000-0000-003c-ffff-ffff0000004d/click&amp#27;[39m
&amp#27;[35m[HTTP]&amp#27;[39m &amp#27;[90m{"id":"00000000-0000-003c-ffff-ffff0000004d"}&amp#27;[39m
[debug] &amp#27;[35m[W3C (ac286ecd)]&amp#27;[39m Calling AppiumDriver.click() with args: ["00000000-0000-003c-ffff-ffff0000004d","ac286ecd-664c-4608-9872-79aa6bfd6df3"]
[debug] &amp#27;[35m[WD Proxy]&amp#27;[39m Matched '/element/00000000-0000-003c-ffff-ffff0000004d/click' to command name 'click'
[debug] &amp#27;[35m[WD Proxy]&amp#27;[39m Proxying [POST /element/00000000-0000-003c-ffff-ffff0000004d/click] to [POST http://127.0.0.1:8200/wd/hub/session/8a2ed2b8-3994-49fe-9662-1059034ed5f4/element/00000000-0000-003c-ffff-ffff0000004d/click] with body: {"element":"00000000-0000-003c-ffff-ffff0000004d"}
[debug] &amp#27;[35m[WD Proxy]&amp#27;[39m Got response with status 200: {"sessionId":"8a2ed2b8-3994-49fe-9662-1059034ed5f4","value":null}
[debug] &amp#27;[35m[W3C (ac286ecd)]&amp#27;[39m Responding to client with driver.click() result: null
&amp#27;[35m[HTTP]&amp#27;[39m &amp#27;[37m<-- POST /wd/hub/session/ac286ecd-664c-4608-9872-79aa6bfd6df3/element/00000000-0000-003c-ffff-ffff0000004d/click &amp#27;[39m&amp#27;[32m200&amp#27;[39m &amp#27;[90m18 ms - 14&amp#27;[39m
&amp#27;[35m[HTTP]&amp#27;[39m &amp#27;[90m&amp#27;[39m
&amp#27;[35m[HTTP]&amp#27;[39m &amp#27;[37m-->&amp#27;[39m &amp#27;[37mDELETE&amp#27;[39m &amp#27;[37m/wd/hub/session/ac286ecd-664c-4608-9872-79aa6bfd6df3&amp#27;[39m
&amp#27;[35m[HTTP]&amp#27;[39m &amp#27;[90m{}&amp#27;[39m
[debug] &amp#27;[35m[W3C (ac286ecd)]&amp#27;[39m Calling AppiumDriver.deleteSession() with args: ["ac286ecd-664c-4608-9872-79aa6bfd6df3"]
[debug] &amp#27;[35m[BaseDriver]&amp#27;[39m Event 'quitSessionRequested' logged at 1644515586388 (23:23:06 GMT+0530 (India Standard Time))
&amp#27;[35m[Appium]&amp#27;[39m Removing session ac286ecd-664c-4608-9872-79aa6bfd6df3 from our master session list
[debug] &amp#27;[35m[UiAutomator2]&amp#27;[39m Deleting UiAutomator2 session
[debug] &amp#27;[35m[UiAutomator2]&amp#27;[39m Deleting UiAutomator2 server session
[debug] &amp#27;[35m[WD Proxy]&amp#27;[39m Matched '/' to command name 'deleteSession'
[debug] &amp#27;[35m[WD Proxy]&amp#27;[39m Proxying [DELETE /] to [DELETE http://127.0.0.1:8200/wd/hub/session/8a2ed2b8-3994-49fe-9662-1059034ed5f4] with no body
[debug] &amp#27;[35m[WD Proxy]&amp#27;[39m Got response with status 200: {"sessionId":"8a2ed2b8-3994-49fe-9662-1059034ed5f4","value":null}
[debug] &amp#27;[35m[ADB]&amp#27;[39m Running 'C:\Users\kumar\AppData\Local\Android\Sdk\platform-tools\adb.exe -P 5037 -s emulator-5554 shell am force-stop io.appium.android.apis'
[debug] &amp#27;[35m[Logcat]&amp#27;[39m Stopping logcat capture
[debug] &amp#27;[35m[ADB]&amp#27;[39m Removing forwarded port socket connection: 8200 
[debug] &amp#27;[35m[ADB]&amp#27;[39m Running 'C:\Users\kumar\AppData\Local\Android\Sdk\platform-tools\adb.exe -P 5037 -s emulator-5554 forward --remove tcp:8200'
[debug] &amp#27;[35m[BaseDriver]&amp#27;[39m Event 'quitSessionFinished' logged at 1644515586576 (23:23:06 GMT+0530 (India Standard Time))
[debug] &amp#27;[35m[W3C (ac286ecd)]&amp#27;[39m Received response: null
[debug] &amp#27;[35m[W3C (ac286ecd)]&amp#27;[39m But deleting session, so not returning
[debug] &amp#27;[35m[W3C (ac286ecd)]&amp#27;[39m Responding to client with driver.deleteSession() result: null
&amp#27;[35m[HTTP]&amp#27;[39m &amp#27;[37m<-- DELETE /wd/hub/session/ac286ecd-664c-4608-9872-79aa6bfd6df3 &amp#27;[39m&amp#27;[32m200&amp#27;[39m &amp#27;[90m189 ms - 14&amp#27;[39m
&amp#27;[35m[HTTP]&amp#27;[39m &amp#27;[90m&amp#27;[39m
]]></system-out>
    <system-err><![CDATA[Feb 10, 2022 11:22:59 PM io.appium.java_client.remote.AppiumCommandExecutor$1 lambda$0
INFO: Detected dialect: W3C
]]></system-err>
  </testcase>
  <testcase name="addProductToCart" classname="testCases.GSTest" time="28.065">
    <system-out><![CDATA[&amp#27;[35m[Appium]&amp#27;[39m Welcome to Appium v1.22.2
&amp#27;[35m[Appium]&amp#27;[39m Appium REST http interface listener started on 0.0.0.0:4723
&amp#27;[35m[HTTP]&amp#27;[39m &amp#27;[37m-->&amp#27;[39m &amp#27;[37mGET&amp#27;[39m &amp#27;[37m/wd/hub/status&amp#27;[39m
&amp#27;[35m[HTTP]&amp#27;[39m &amp#27;[90m{}&amp#27;[39m
[debug] &amp#27;[35m[GENERIC]&amp#27;[39m Calling AppiumDriver.getStatus() with args: []
[debug] &amp#27;[35m[GENERIC]&amp#27;[39m Responding to client with driver.getStatus() result: {"build":{"version":"1.22.2"}}
device : emulator-5554
&amp#27;[35m[HTTP]&amp#27;[39m &amp#27;[37m<-- GET /wd/hub/status &amp#27;[39m&amp#27;[32m200&amp#27;[39m &amp#27;[90m3 ms - 68&amp#27;[39m
&amp#27;[35m[HTTP]&amp#27;[39m &amp#27;[90m&amp#27;[39m
[...]
[debug] &amp#27;[35m[WD Proxy]&amp#27;[39m Got response with status 200: {"sessionId":"da59bdab-54fd-4305-8b54-6f9a159b7894","value":null}
[debug] &amp#27;[35m[W3C (5b9293c3)]&amp#27;[39m Responding to client with driver.click() result: null
&amp#27;[35m[HTTP]&amp#27;[39m &amp#27;[37m<-- POST /wd/hub/session/5b9293c3-77b9-4350-a396-3ab793e70d3a/element/00000000-0000-0048-ffff-ffff0000002c/click &amp#27;[39m&amp#27;[32m200&amp#27;[39m &amp#27;[90m630 ms - 14&amp#27;[39m
&amp#27;[35m[HTTP]&amp#27;[39m &amp#27;[90m&amp#27;[39m
&amp#27;[35m[HTTP]&amp#27;[39m &amp#27;[37m-->&amp#27;[39m &amp#27;[37mGET&amp#27;[39m &amp#27;[37m/wd/hub/session/5b9293c3-77b9-4350-a396-3ab793e70d3a&amp#27;[39m
&amp#27;[35m[HTTP]&amp#27;[39m &amp#27;[90m{}&amp#27;[39m
[debug] &amp#27;[35m[W3C (5b9293c3)]&amp#27;[39m Calling AppiumDriver.getSession() with args: ["5b9293c3-77b9-4350-a396-3ab793e70d3a"]
[debug] &amp#27;[35m[UiAutomator2]&amp#27;[39m Getting session details from server to mix in
[debug] &amp#27;[35m[WD Proxy]&amp#27;[39m Matched '/' to command name 'getSession'
[debug] &amp#27;[35m[WD Proxy]&amp#27;[39m Proxying [GET /] to [GET http://127.0.0.1:8200/wd/hub/session/da59bdab-54fd-4305-8b54-6f9a159b7894] with no body
[debug] &amp#27;[35m[WD Proxy]&amp#27;[39m Got response with status 200: {"sessionId":"da59bdab-54fd-4305-8b54-6f9a159b7894","value":{"lastScrollData":null}}
[debug] &amp#27;[35m[W3C (5b9293c3)]&amp#27;[39m Responding to client with driver.getSession() result: {"platform":"LINUX","webStorageEnabled":false,"takesScreenshot":true,"javascriptEnabled":true,"databaseEnabled":false,"networkConnectionEnabled":true,"locationContextEnabled":false,"warnings":{},"desired":{"platformName":"android","appActivity":"com.androidsample.generalstore.SplashActivity","appPackage":"com.androidsample.generalstore","automationName":"uiautomator2","deviceName":"emulator-5554","newCommandTimeout":14},"platformName":"android","appActivity":"com.androidsample.generalstore.SplashActivity","appPackage":"com.androidsample.generalstore","automationName":"uiautomator2","deviceName":"emulator-5554","newCommandTimeout":14,"deviceUDID":"emulator-5554","deviceApiLevel":27,"platformVersion":"8.1.0","deviceScreenSize":"1080x2280","deviceScreenDensity":440,"deviceModel":"Android SDK built for x86","deviceManufacturer":"Google","pixelRatio":2.75,"statBarHeight":66,"viewportRect":{"left":0,"top":66,"width":1080,"height":2082},"lastScrollData":null}
&amp#27;[35m[HTTP]&amp#27;[39m &amp#27;[37m<-- GET /wd/hub/session/5b9293c3-77b9-4350-a396-3ab793e70d3a &amp#27;[39m&amp#27;[32m200&amp#27;[39m &amp#27;[90m11 ms - 976&amp#27;[39m
&amp#27;[35m[HTTP]&amp#27;[39m &amp#27;[90m&amp#27;[39m
&amp#27;[35m[HTTP]&amp#27;[39m &amp#27;[37m-->&amp#27;[39m &amp#27;[37mPOST&amp#27;[39m &amp#27;[37m/wd/hub/session/5b9293c3-77b9-4350-a396-3ab793e70d3a/element&amp#27;[39m
&amp#27;[35m[HTTP]&amp#27;[39m &amp#27;[90m{"using":"id","value":"com.androidsample.generalstore:id/nameField"}&amp#27;[39m
[debug] &amp#27;[35m[W3C (5b9293c3)]&amp#27;[39m Calling AppiumDriver.findElement() with args: ["id","com.androidsample.generalstore:id/nameField","5b9293c3-77b9-4350-a396-3ab793e70d3a"]
[debug] &amp#27;[35m[BaseDriver]&amp#27;[39m Valid locator strategies for this request: xpath, id, class name, accessibility id, css selector, -android uiautomator
[debug] &amp#27;[35m[BaseDriver]&amp#27;[39m Waiting up to 10000 ms for condition
[debug] &amp#27;[35m[WD Proxy]&amp#27;[39m Matched '/element' to command name 'findElement'
[debug] &amp#27;[35m[WD Proxy]&amp#27;[39m Proxying [POST /element] to [POST http://127.0.0.1:8200/wd/hub/session/da59bdab-54fd-4305-8b54-6f9a159b7894/element] with body: {"strategy":"id","selector":"com.androidsample.generalstore:id/nameField","context":"","multiple":false}
[debug] &amp#27;[35m[WD Proxy]&amp#27;[39m Got response with status 200: {"sessionId":"da59bdab-54fd-4305-8b54-6f9a159b7894","value":{"ELEMENT":"00000000-0000-0047-ffff-ffff00000007","element-6066-11e4-a52e-4f735466cecf":"00000000-0000-0047-ffff-ffff00000007"}}
[debug] &amp#27;[35m[W3C (5b9293c3)]&amp#27;[39m Responding to client with driver.findElement() result: {"element-6066-11e4-a52e-4f735466cecf":"00000000-0000-0047-ffff-ffff00000007","ELEMENT":"00000000-0000-0047-ffff-ffff00000007"}
&amp#27;[35m[HTTP]&amp#27;[39m &amp#27;[37m<-- POST /wd/hub/session/5b9293c3-77b9-4350-a396-3ab793e70d3a/element &amp#27;[39m&amp#27;[32m200&amp#27;[39m &amp#27;[90m21 ms - 137&amp#27;[39m
&amp#27;[35m[HTTP]&amp#27;[39m &amp#27;[90m&amp#27;[39m
&amp#27;[35m[HTTP]&amp#27;[39m &amp#27;[37m-->&amp#27;[39m &amp#27;[37mPOST&amp#27;[39m &amp#27;[37m/wd/hub/session/5b9293c3-77b9-4350-a396-3ab793e70d3a/element/00000000-0000-0047-ffff-ffff00000007/value&amp#27;[39m
&amp#27;[35m[HTTP]&amp#27;[39m &amp#27;[90m{"id":"00000000-0000-0047-ffff-ffff00000007","text":"Lokesh","value":["L","o","k","e","s","h"]}&amp#27;[39m
[debug] &amp#27;[35m[W3C (5b9293c3)]&amp#27;[39m Calling AppiumDriver.setValue() with args: [["L","o","k","e","s","h"],"00000000-0000-0047-ffff-ffff00000007","5b9293c3-77b9-4350-a396-3ab793e70d3a"]
[debug] &amp#27;[35m[WD Proxy]&amp#27;[39m Matched '/element/00000000-0000-0047-ffff-ffff00000007/value' to command name 'setValue'
[debug] &amp#27;[35m[Protocol Converter]&amp#27;[39m Added 'value' property ["L","o","k","e","s","h"] to 'setValue' request body
[debug] &amp#27;[35m[WD Proxy]&amp#27;[39m Proxying [POST /element/00000000-0000-0047-ffff-ffff00000007/value] to [POST http://127.0.0.1:8200/wd/hub/session/da59bdab-54fd-4305-8b54-6f9a159b7894/element/00000000-0000-0047-ffff-ffff00000007/value] with body: {"elementId":"00000000-0000-0047-ffff-ffff00000007","text":"Lokesh","replace":false,"value":["L","o","k","e","s","h"]}
[debug] &amp#27;[35m[WD Proxy]&amp#27;[39m Got response with status 200: {"sessionId":"da59bdab-54fd-4305-8b54-6f9a159b7894","value":null}
[debug] &amp#27;[35m[W3C (5b9293c3)]&amp#27;[39m Responding to client with driver.setValue() result: null
&amp#27;[35m[HTTP]&amp#27;[39m &amp#27;[37m<-- POST /wd/hub/session/5b9293c3-77b9-4350-a396-3ab793e70d3a/element/00000000-0000-0047-ffff-ffff00000007/value &amp#27;[39m&amp#27;[32m200&amp#27;[39m &amp#27;[90m540 ms - 14&amp#27;[39m
&amp#27;[35m[HTTP]&amp#27;[39m &amp#27;[90m&amp#27;[39m
&amp#27;[35m[HTTP]&amp#27;[39m &amp#27;[37m-->&amp#27;[39m &amp#27;[37mGET&amp#27;[39m &amp#27;[37m/wd/hub/session/5b9293c3-77b9-4350-a396-3ab793e70d3a&amp#27;[39m
&amp#27;[35m[HTTP]&amp#27;[39m &amp#27;[90m{}&amp#27;[39m
[debug] &amp#27;[35m[W3C (5b9293c3)]&amp#27;[39m Calling AppiumDriver.getSession() with args: ["5b9293c3-77b9-4350-a396-3ab793e70d3a"]
[debug] &amp#27;[35m[UiAutomator2]&amp#27;[39m Getting session details from server to mix in
[debug] &amp#27;[35m[WD Proxy]&amp#27;[39m Matched '/' to command name 'getSession'
[debug] &amp#27;[35m[WD Proxy]&amp#27;[39m Proxying [GET /] to [GET http://127.0.0.1:8200/wd/hub/session/da59bdab-54fd-4305-8b54-6f9a159b7894] with no body
[debug] &amp#27;[35m[WD Proxy]&amp#27;[39m Got response with status 200: {"sessionId":"da59bdab-54fd-4305-8b54-6f9a159b7894","value":{"lastScrollData":null}}
[debug] &amp#27;[35m[W3C (5b9293c3)]&amp#27;[39m Responding to client with driver.getSession() result: {"platform":"LINUX","webStorageEnabled":false,"takesScreenshot":true,"javascriptEnabled":true,"databaseEnabled":false,"networkConnectionEnabled":true,"locationContextEnabled":false,"warnings":{},"desired":{"platformName":"android","appActivity":"com.androidsample.generalstore.SplashActivity","appPackage":"com.androidsample.generalstore","automationName":"uiautomator2","deviceName":"emulator-5554","newCommandTimeout":14},"platformName":"android","appActivity":"com.androidsample.generalstore.SplashActivity","appPackage":"com.androidsample.generalstore","automationName":"uiautomator2","deviceName":"emulator-5554","newCommandTimeout":14,"deviceUDID":"emulator-5554","deviceApiLevel":27,"platformVersion":"8.1.0","deviceScreenSize":"1080x2280","deviceScreenDensity":440,"deviceModel":"Android SDK built for x86","deviceManufacturer":"Google","pixelRatio":2.75,"statBarHeight":66,"viewportRect":{"left":0,"top":66,"width":1080,"height":2082},"lastScrollData":null}
&amp#27;[35m[HTTP]&amp#27;[39m &amp#27;[37m<-- GET /wd/hub/session/5b9293c3-77b9-4350-a396-3ab793e70d3a &amp#27;[39m&amp#27;[32m200&amp#27;[39m &amp#27;[90m12 ms - 976&amp#27;[39m
&amp#27;[35m[HTTP]&amp#27;[39m &amp#27;[90m&amp#27;[39m
&amp#27;[35m[HTTP]&amp#27;[39m &amp#27;[37m-->&amp#27;[39m &amp#27;[37mPOST&amp#27;[39m &amp#27;[37m/wd/hub/session/5b9293c3-77b9-4350-a396-3ab793e70d3a/element&amp#27;[39m
&amp#27;[35m[HTTP]&amp#27;[39m &amp#27;[90m{"using":"id","value":"com.androidsample.generalstore:id/radioFemale"}&amp#27;[39m
[debug] &amp#27;[35m[W3C (5b9293c3)]&amp#27;[39m Calling AppiumDriver.findElement() with args: ["id","com.androidsample.generalstore:id/radioFemale","5b9293c3-77b9-4350-a396-3ab793e70d3a"]
[debug] &amp#27;[35m[BaseDriver]&amp#27;[39m Valid locator strategies for this request: xpath, id, class name, accessibility id, css selector, -android uiautomator
[debug] &amp#27;[35m[BaseDriver]&amp#27;[39m Waiting up to 10000 ms for condition
[debug] &amp#27;[35m[WD Proxy]&amp#27;[39m Matched '/element' to command name 'findElement'
[debug] &amp#27;[35m[WD Proxy]&amp#27;[39m Proxying [POST /element] to [POST http://127.0.0.1:8200/wd/hub/session/da59bdab-54fd-4305-8b54-6f9a159b7894/element] with body: {"strategy":"id","selector":"com.androidsample.generalstore:id/radioFemale","context":"","multiple":false}
[debug] &amp#27;[35m[WD Proxy]&amp#27;[39m Got response with status 200: {"sessionId":"da59bdab-54fd-4305-8b54-6f9a159b7894","value":{"ELEMENT":"00000000-0000-0047-ffff-ffff00000021","element-6066-11e4-a52e-4f735466cecf":"00000000-0000-0047-ffff-ffff00000021"}}
[debug] &amp#27;[35m[W3C (5b9293c3)]&amp#27;[39m Responding to client with driver.findElement() result: {"element-6066-11e4-a52e-4f735466cecf":"00000000-0000-0047-ffff-ffff00000021","ELEMENT":"00000000-0000-0047-ffff-ffff00000021"}
&amp#27;[35m[HTTP]&amp#27;[39m &amp#27;[37m<-- POST /wd/hub/session/5b9293c3-77b9-4350-a396-3ab793e70d3a/element &amp#27;[39m&amp#27;[32m200&amp#27;[39m &amp#27;[90m499 ms - 137&amp#27;[39m
&amp#27;[35m[HTTP]&amp#27;[39m &amp#27;[90m&amp#27;[39m
&amp#27;[35m[HTTP]&amp#27;[39m &amp#27;[37m-->&amp#27;[39m &amp#27;[37mPOST&amp#27;[39m &amp#27;[37m/wd/hub/session/5b9293c3-77b9-4350-a396-3ab793e70d3a/element/00000000-0000-0047-ffff-ffff00000021/click&amp#27;[39m
&amp#27;[35m[HTTP]&amp#27;[39m &amp#27;[90m{"id":"00000000-0000-0047-ffff-ffff00000021"}&amp#27;[39m
[debug] &amp#27;[35m[W3C (5b9293c3)]&amp#27;[39m Calling AppiumDriver.click() with args: ["00000000-0000-0047-ffff-ffff00000021","5b9293c3-77b9-4350-a396-3ab793e70d3a"]
[debug] &amp#27;[35m[WD Proxy]&amp#27;[39m Matched '/element/00000000-0000-0047-ffff-ffff00000021/click' to command name 'click'
[debug] &amp#27;[35m[WD Proxy]&amp#27;[39m Proxying [POST /element/00000000-0000-0047-ffff-ffff00000021/click] to [POST http://127.0.0.1:8200/wd/hub/session/da59bdab-54fd-4305-8b54-6f9a159b7894/element/00000000-0000-0047-ffff-ffff00000021/click] with body: {"element":"00000000-0000-0047-ffff-ffff00000021"}
[debug] &amp#27;[35m[WD Proxy]&amp#27;[39m Got response with status 200: {"sessionId":"da59bdab-54fd-4305-8b54-6f9a159b7894","value":null}
[debug] &amp#27;[35m[W3C (5b9293c3)]&amp#27;[39m Responding to client with driver.click() result: null
&amp#27;[35m[HTTP]&amp#27;[39m &amp#27;[37m<-- POST /wd/hub/session/5b9293c3-77b9-4350-a396-3ab793e70d3a/element/00000000-0000-0047-ffff-ffff00000021/click &amp#27;[39m&amp#27;[32m200&amp#27;[39m &amp#27;[90m23 ms - 14&amp#27;[39m
&amp#27;[35m[HTTP]&amp#27;[39m &amp#27;[90m&amp#27;[39m
&amp#27;[35m[HTTP]&amp#27;[39m &amp#27;[37m-->&amp#27;[39m &amp#27;[37mGET&amp#27;[39m &amp#27;[37m/wd/hub/session/5b9293c3-77b9-4350-a396-3ab793e70d3a&amp#27;[39m
&amp#27;[35m[HTTP]&amp#27;[39m &amp#27;[90m{}&amp#27;[39m
[debug] &amp#27;[35m[W3C (5b9293c3)]&amp#27;[39m Calling AppiumDriver.getSession() with args: ["5b9293c3-77b9-4350-a396-3ab793e70d3a"]
[debug] &amp#27;[35m[UiAutomator2]&amp#27;[39m Getting session details from server to mix in
[debug] &amp#27;[35m[WD Proxy]&amp#27;[39m Matched '/' to command name 'getSession'
[debug] &amp#27;[35m[WD Proxy]&amp#27;[39m Proxying [GET /] to [GET http://127.0.0.1:8200/wd/hub/session/da59bdab-54fd-4305-8b54-6f9a159b7894] with no body
[debug] &amp#27;[35m[WD Proxy]&amp#27;[39m Got response with status 200: {"sessionId":"da59bdab-54fd-4305-8b54-6f9a159b7894","value":{"lastScrollData":null}}
[debug] &amp#27;[35m[W3C (5b9293c3)]&amp#27;[39m Responding to client with driver.getSession() result: {"platform":"LINUX","webStorageEnabled":false,"takesScreenshot":true,"javascriptEnabled":true,"databaseEnabled":false,"networkConnectionEnabled":true,"locationContextEnabled":false,"warnings":{},"desired":{"platformName":"android","appActivity":"com.androidsample.generalstore.SplashActivity","appPackage":"com.androidsample.generalstore","automationName":"uiautomator2","deviceName":"emulator-5554","newCommandTimeout":14},"platformName":"android","appActivity":"com.androidsample.generalstore.SplashActivity","appPackage":"com.androidsample.generalstore","automationName":"uiautomator2","deviceName":"emulator-5554","newCommandTimeout":14,"deviceUDID":"emulator-5554","deviceApiLevel":27,"platformVersion":"8.1.0","deviceScreenSize":"1080x2280","deviceScreenDensity":440,"deviceModel":"Android SDK built for x86","deviceManufacturer":"Google","pixelRatio":2.75,"statBarHeight":66,"viewportRect":{"left":0,"top":66,"width":1080,"height":2082},"lastScrollData":null}
&amp#27;[35m[HTTP]&amp#27;[39m &amp#27;[37m<-- GET /wd/hub/session/5b9293c3-77b9-4350-a396-3ab793e70d3a &amp#27;[39m&amp#27;[32m200&amp#27;[39m &amp#27;[90m8 ms - 976&amp#27;[39m
&amp#27;[35m[HTTP]&amp#27;[39m &amp#27;[90m&amp#27;[39m
&amp#27;[35m[HTTP]&amp#27;[39m &amp#27;[37m-->&amp#27;[39m &amp#27;[37mPOST&amp#27;[39m &amp#27;[37m/wd/hub/session/5b9293c3-77b9-4350-a396-3ab793e70d3a/element&amp#27;[39m
&amp#27;[35m[HTTP]&amp#27;[39m &amp#27;[90m{"using":"class name","value":"android.widget.Button"}&amp#27;[39m
[debug] &amp#27;[35m[W3C (5b9293c3)]&amp#27;[39m Calling AppiumDriver.findElement() with args: ["class name","android.widget.Button","5b9293c3-77b9-4350-a396-3ab793e70d3a"]
[debug] &amp#27;[35m[BaseDriver]&amp#27;[39m Valid locator strategies for this request: xpath, id, class name, accessibility id, css selector, -android uiautomator
[debug] &amp#27;[35m[BaseDriver]&amp#27;[39m Waiting up to 10000 ms for condition
[debug] &amp#27;[35m[WD Proxy]&amp#27;[39m Matched '/element' to command name 'findElement'
[debug] &amp#27;[35m[WD Proxy]&amp#27;[39m Proxying [POST /element] to [POST http://127.0.0.1:8200/wd/hub/session/da59bdab-54fd-4305-8b54-6f9a159b7894/element] with body: {"strategy":"class name","selector":"android.widget.Button","context":"","multiple":false}
[debug] &amp#27;[35m[WD Proxy]&amp#27;[39m Got response with status 200: {"sessionId":"da59bdab-54fd-4305-8b54-6f9a159b7894","value":{"ELEMENT":"00000000-0000-0047-ffff-ffff0000001e","element-6066-11e4-a52e-4f735466cecf":"00000000-0000-0047-ffff-ffff0000001e"}}
[debug] &amp#27;[35m[W3C (5b9293c3)]&amp#27;[39m Responding to client with driver.findElement() result: {"element-6066-11e4-a52e-4f735466cecf":"00000000-0000-0047-ffff-ffff0000001e","ELEMENT":"00000000-0000-0047-ffff-ffff0000001e"}
&amp#27;[35m[HTTP]&amp#27;[39m &amp#27;[37m<-- POST /wd/hub/session/5b9293c3-77b9-4350-a396-3ab793e70d3a/element &amp#27;[39m&amp#27;[32m200&amp#27;[39m &amp#27;[90m38 ms - 137&amp#27;[39m
&amp#27;[35m[HTTP]&amp#27;[39m &amp#27;[90m&amp#27;[39m
&amp#27;[35m[HTTP]&amp#27;[39m &amp#27;[37m-->&amp#27;[39m &amp#27;[37mPOST&amp#27;[39m &amp#27;[37m/wd/hub/session/5b9293c3-77b9-4350-a396-3ab793e70d3a/element/00000000-0000-0047-ffff-ffff0000001e/click&amp#27;[39m
&amp#27;[35m[HTTP]&amp#27;[39m &amp#27;[90m{"id":"00000000-0000-0047-ffff-ffff0000001e"}&amp#27;[39m
[debug] &amp#27;[35m[W3C (5b9293c3)]&amp#27;[39m Calling AppiumDriver.click() with args: ["00000000-0000-0047-ffff-ffff0000001e","5b9293c3-77b9-4350-a396-3ab793e70d3a"]
[debug] &amp#27;[35m[WD Proxy]&amp#27;[39m Matched '/element/00000000-0000-0047-ffff-ffff0000001e/click' to command name 'click'
[debug] &amp#27;[35m[WD Proxy]&amp#27;[39m Proxying [POST /element/00000000-0000-0047-ffff-ffff0000001e/click] to [POST http://127.0.0.1:8200/wd/hub/session/da59bdab-54fd-4305-8b54-6f9a159b7894/element/00000000-0000-0047-ffff-ffff0000001e/click] with body: {"element":"00000000-0000-0047-ffff-ffff0000001e"}
[debug] &amp#27;[35m[WD Proxy]&amp#27;[39m Got response with status 200: {"sessionId":"da59bdab-54fd-4305-8b54-6f9a159b7894","value":null}
[debug] &amp#27;[35m[W3C (5b9293c3)]&amp#27;[39m Responding to client with driver.click() result: null
&amp#27;[35m[HTTP]&amp#27;[39m &amp#27;[37m<-- POST /wd/hub/session/5b9293c3-77b9-4350-a396-3ab793e70d3a/element/00000000-0000-0047-ffff-ffff0000001e/click &amp#27;[39m&amp#27;[32m200&amp#27;[39m &amp#27;[90m473 ms - 14&amp#27;[39m
&amp#27;[35m[HTTP]&amp#27;[39m &amp#27;[90m&amp#27;[39m
&amp#27;[35m[HTTP]&amp#27;[39m &amp#27;[37m-->&amp#27;[39m &amp#27;[37mDELETE&amp#27;[39m &amp#27;[37m/wd/hub/session/5b9293c3-77b9-4350-a396-3ab793e70d3a&amp#27;[39m
&amp#27;[35m[HTTP]&amp#27;[39m &amp#27;[90m{}&amp#27;[39m
[debug] &amp#27;[35m[W3C (5b9293c3)]&amp#27;[39m Calling AppiumDriver.deleteSession() with args: ["5b9293c3-77b9-4350-a396-3ab793e70d3a"]
[debug] &amp#27;[35m[BaseDriver]&amp#27;[39m Event 'quitSessionRequested' logged at 1644515614464 (23:23:34 GMT+0530 (India Standard Time))
&amp#27;[35m[Appium]&amp#27;[39m Removing session 5b9293c3-77b9-4350-a396-3ab793e70d3a from our master session list
[debug] &amp#27;[35m[UiAutomator2]&amp#27;[39m Deleting UiAutomator2 session
[debug] &amp#27;[35m[UiAutomator2]&amp#27;[39m Deleting UiAutomator2 server session
[debug] &amp#27;[35m[WD Proxy]&amp#27;[39m Matched '/' to command name 'deleteSession'
[debug] &amp#27;[35m[WD Proxy]&amp#27;[39m Proxying [DELETE /] to [DELETE http://127.0.0.1:8200/wd/hub/session/da59bdab-54fd-4305-8b54-6f9a159b7894] with no body
[debug] &amp#27;[35m[WD Proxy]&amp#27;[39m Got response with status 200: {"sessionId":"da59bdab-54fd-4305-8b54-6f9a159b7894","value":null}
[debug] &amp#27;[35m[ADB]&amp#27;[39m Running 'C:\Users\kumar\AppData\Local\Android\Sdk\platform-tools\adb.exe -P 5037 -s emulator-5554 shell am force-stop com.androidsample.generalstore'
[debug] &amp#27;[35m[Logcat]&amp#27;[39m Stopping logcat capture
[debug] &amp#27;[35m[ADB]&amp#27;[39m Removing forwarded port socket connection: 8200 
[debug] &amp#27;[35m[ADB]&amp#27;[39m Running 'C:\Users\kumar\AppData\Local\Android\Sdk\platform-tools\adb.exe -P 5037 -s emulator-5554 forward --remove tcp:8200'
[debug] &amp#27;[35m[BaseDriver]&amp#27;[39m Event 'quitSessionFinished' logged at 1644515614649 (23:23:34 GMT+0530 (India Standard Time))
[debug] &amp#27;[35m[W3C (5b9293c3)]&amp#27;[39m Received response: null
[debug] &amp#27;[35m[W3C (5b9293c3)]&amp#27;[39m But deleting session, so not returning
[debug] &amp#27;[35m[W3C (5b9293c3)]&amp#27;[39m Responding to client with driver.deleteSession() result: null
&amp#27;[35m[HTTP]&amp#27;[39m &amp#27;[37m<-- DELETE /wd/hub/session/5b9293c3-77b9-4350-a396-3ab793e70d3a &amp#27;[39m&amp#27;[32m200&amp#27;[39m &amp#27;[90m187 ms - 14&amp#27;[39m
&amp#27;[35m[HTTP]&amp#27;[39m &amp#27;[90m&amp#27;[39m
]]></system-out>
    <system-err><![CDATA[Feb 10, 2022 11:23:26 PM io.appium.java_client.remote.AppiumCommandExecutor$1 lambda$0
INFO: Detected dialect: W3C
]]></system-err>
  </testcase>
</testsuite>